[0.008s] Invoking command in '/home/baopham/ros2_ws/src/mec_mobile/build/mec_mobile_navigation': CMAKE_PREFIX_PATH=${CMAKE_PREFIX_PATH}:/opt/ros/jazzy DEBUGINFOD_URLS=https://debuginfod.ubuntu.com /usr/bin/cmake /home/baopham/ros2_ws/src/mec_mobile/mec_mobile_navigation -DCMAKE_INSTALL_PREFIX=/home/baopham/ros2_ws/src/mec_mobile/install/mec_mobile_navigation
[0.042s] -- The C compiler identification is GNU 13.3.0
[0.080s] -- The CXX compiler identification is GNU 13.3.0
[0.092s] -- Detecting C compiler ABI info
[0.151s] -- Detecting C compiler ABI info - done
[0.157s] -- Check for working C compiler: /usr/bin/cc - skipped
[0.157s] -- Detecting C compile features
[0.157s] -- Detecting C compile features - done
[0.164s] -- Detecting CXX compiler ABI info
[0.231s] -- Detecting CXX compiler ABI info - done
[0.238s] -- Check for working CXX compiler: /usr/bin/c++ - skipped
[0.238s] -- Detecting CXX compile features
[0.238s] -- Detecting CXX compile features - done
[0.241s] -- Found ament_cmake: 2.5.4 (/opt/ros/jazzy/share/ament_cmake/cmake)
[0.347s] -- Found Python3: /usr/bin/python3 (found version "3.12.3") found components: Interpreter 
[0.432s] -- Found ament_lint_auto: 0.17.2 (/opt/ros/jazzy/share/ament_lint_auto/cmake)
[0.527s] -- Added test 'flake8' to check Python code syntax and style conventions
[0.527s] -- Configured 'flake8' exclude dirs and/or files: 
[0.529s] -- Added test 'lint_cmake' to check CMake code style
[0.530s] -- Added test 'pep257' to check Python code against some of the docstring style conventions in PEP 257
[0.532s] -- Added test 'xmllint' to check XML markup files
[0.534s] -- Configuring done (0.5s)
[0.537s] -- Generating done (0.0s)
[0.539s] -- Build files have been written to: /home/baopham/ros2_ws/src/mec_mobile/build/mec_mobile_navigation
[0.546s] Invoked command in '/home/baopham/ros2_ws/src/mec_mobile/build/mec_mobile_navigation' returned '0': CMAKE_PREFIX_PATH=${CMAKE_PREFIX_PATH}:/opt/ros/jazzy DEBUGINFOD_URLS=https://debuginfod.ubuntu.com /usr/bin/cmake /home/baopham/ros2_ws/src/mec_mobile/mec_mobile_navigation -DCMAKE_INSTALL_PREFIX=/home/baopham/ros2_ws/src/mec_mobile/install/mec_mobile_navigation
[0.546s] Invoking command in '/home/baopham/ros2_ws/src/mec_mobile/build/mec_mobile_navigation': CMAKE_PREFIX_PATH=${CMAKE_PREFIX_PATH}:/opt/ros/jazzy DEBUGINFOD_URLS=https://debuginfod.ubuntu.com /usr/bin/cmake --build /home/baopham/ros2_ws/src/mec_mobile/build/mec_mobile_navigation -- -j16 -l16
[0.572s] Invoked command in '/home/baopham/ros2_ws/src/mec_mobile/build/mec_mobile_navigation' returned '0': CMAKE_PREFIX_PATH=${CMAKE_PREFIX_PATH}:/opt/ros/jazzy DEBUGINFOD_URLS=https://debuginfod.ubuntu.com /usr/bin/cmake --build /home/baopham/ros2_ws/src/mec_mobile/build/mec_mobile_navigation -- -j16 -l16
[0.579s] Invoking command in '/home/baopham/ros2_ws/src/mec_mobile/build/mec_mobile_navigation': CMAKE_PREFIX_PATH=${CMAKE_PREFIX_PATH}:/opt/ros/jazzy DEBUGINFOD_URLS=https://debuginfod.ubuntu.com /usr/bin/cmake --install /home/baopham/ros2_ws/src/mec_mobile/build/mec_mobile_navigation
[0.583s] -- Install configuration: ""
[0.584s] -- Installing: /home/baopham/ros2_ws/src/mec_mobile/install/mec_mobile_navigation/share/mec_mobile_navigation/launch
[0.584s] -- Installing: /home/baopham/ros2_ws/src/mec_mobile/install/mec_mobile_navigation/share/mec_mobile_navigation/launch/mapping.launch.py
[0.584s] -- Installing: /home/baopham/ros2_ws/src/mec_mobile/install/mec_mobile_navigation/share/mec_mobile_navigation/launch/spawn_robot.launch.py
[0.584s] -- Installing: /home/baopham/ros2_ws/src/mec_mobile/install/mec_mobile_navigation/share/mec_mobile_navigation/launch/localization.launch.py
[0.584s] -- Installing: /home/baopham/ros2_ws/src/mec_mobile/install/mec_mobile_navigation/share/mec_mobile_navigation/launch/navigation.launch.py
[0.584s] -- Installing: /home/baopham/ros2_ws/src/mec_mobile/install/mec_mobile_navigation/share/mec_mobile_navigation/config
[0.584s] -- Installing: /home/baopham/ros2_ws/src/mec_mobile/install/mec_mobile_navigation/share/mec_mobile_navigation/config/navigation.yaml
[0.584s] -- Installing: /home/baopham/ros2_ws/src/mec_mobile/install/mec_mobile_navigation/share/mec_mobile_navigation/config/ekf.yaml
[0.584s] -- Installing: /home/baopham/ros2_ws/src/mec_mobile/install/mec_mobile_navigation/share/mec_mobile_navigation/config/gz_bridge.yaml
[0.584s] -- Installing: /home/baopham/ros2_ws/src/mec_mobile/install/mec_mobile_navigation/share/mec_mobile_navigation/config/amcl_localization.yaml
[0.584s] -- Installing: /home/baopham/ros2_ws/src/mec_mobile/install/mec_mobile_navigation/share/mec_mobile_navigation/config/slam_toolbox_mapping.yaml
[0.584s] -- Installing: /home/baopham/ros2_ws/src/mec_mobile/install/mec_mobile_navigation/share/mec_mobile_navigation/rviz
[0.584s] -- Installing: /home/baopham/ros2_ws/src/mec_mobile/install/mec_mobile_navigation/share/mec_mobile_navigation/rviz/navigation.rviz
[0.584s] -- Installing: /home/baopham/ros2_ws/src/mec_mobile/install/mec_mobile_navigation/share/mec_mobile_navigation/rviz/localization.rviz
[0.584s] -- Installing: /home/baopham/ros2_ws/src/mec_mobile/install/mec_mobile_navigation/share/mec_mobile_navigation/rviz/mapping.rviz
[0.584s] -- Installing: /home/baopham/ros2_ws/src/mec_mobile/install/mec_mobile_navigation/share/mec_mobile_navigation/maps
[0.584s] -- Installing: /home/baopham/ros2_ws/src/mec_mobile/install/mec_mobile_navigation/share/mec_mobile_navigation/maps/my_map.pgm
[0.584s] -- Installing: /home/baopham/ros2_ws/src/mec_mobile/install/mec_mobile_navigation/share/mec_mobile_navigation/maps/my_map.yaml
[0.584s] -- Installing: /home/baopham/ros2_ws/src/mec_mobile/install/mec_mobile_navigation/share/ament_index/resource_index/package_run_dependencies/mec_mobile_navigation
[0.585s] -- Installing: /home/baopham/ros2_ws/src/mec_mobile/install/mec_mobile_navigation/share/ament_index/resource_index/parent_prefix_path/mec_mobile_navigation
[0.585s] -- Installing: /home/baopham/ros2_ws/src/mec_mobile/install/mec_mobile_navigation/share/mec_mobile_navigation/environment/ament_prefix_path.sh
[0.585s] -- Installing: /home/baopham/ros2_ws/src/mec_mobile/install/mec_mobile_navigation/share/mec_mobile_navigation/environment/ament_prefix_path.dsv
[0.585s] -- Installing: /home/baopham/ros2_ws/src/mec_mobile/install/mec_mobile_navigation/share/mec_mobile_navigation/environment/path.sh
[0.585s] -- Installing: /home/baopham/ros2_ws/src/mec_mobile/install/mec_mobile_navigation/share/mec_mobile_navigation/environment/path.dsv
[0.585s] -- Installing: /home/baopham/ros2_ws/src/mec_mobile/install/mec_mobile_navigation/share/mec_mobile_navigation/local_setup.bash
[0.585s] -- Installing: /home/baopham/ros2_ws/src/mec_mobile/install/mec_mobile_navigation/share/mec_mobile_navigation/local_setup.sh
[0.585s] -- Installing: /home/baopham/ros2_ws/src/mec_mobile/install/mec_mobile_navigation/share/mec_mobile_navigation/local_setup.zsh
[0.585s] -- Installing: /home/baopham/ros2_ws/src/mec_mobile/install/mec_mobile_navigation/share/mec_mobile_navigation/local_setup.dsv
[0.585s] -- Installing: /home/baopham/ros2_ws/src/mec_mobile/install/mec_mobile_navigation/share/mec_mobile_navigation/package.dsv
[0.585s] -- Installing: /home/baopham/ros2_ws/src/mec_mobile/install/mec_mobile_navigation/share/ament_index/resource_index/packages/mec_mobile_navigation
[0.585s] -- Installing: /home/baopham/ros2_ws/src/mec_mobile/install/mec_mobile_navigation/share/mec_mobile_navigation/cmake/mec_mobile_navigationConfig.cmake
[0.585s] -- Installing: /home/baopham/ros2_ws/src/mec_mobile/install/mec_mobile_navigation/share/mec_mobile_navigation/cmake/mec_mobile_navigationConfig-version.cmake
[0.585s] -- Installing: /home/baopham/ros2_ws/src/mec_mobile/install/mec_mobile_navigation/share/mec_mobile_navigation/package.xml
[0.586s] Invoked command in '/home/baopham/ros2_ws/src/mec_mobile/build/mec_mobile_navigation' returned '0': CMAKE_PREFIX_PATH=${CMAKE_PREFIX_PATH}:/opt/ros/jazzy DEBUGINFOD_URLS=https://debuginfod.ubuntu.com /usr/bin/cmake --install /home/baopham/ros2_ws/src/mec_mobile/build/mec_mobile_navigation
