[0.011s] Invoking command in '/home/baopham/ros2_ws/src/mec_mobile/build/mec_mobile_description': CMAKE_PREFIX_PATH=${CMAKE_PREFIX_PATH}:/opt/ros/jazzy DEBUGINFOD_URLS=https://debuginfod.ubuntu.com /usr/bin/cmake /home/baopham/ros2_ws/src/mec_mobile/mec_mobile_description -DCMAKE_INSTALL_PREFIX=/home/baopham/ros2_ws/src/mec_mobile/install/mec_mobile_description
[0.049s] -- The C compiler identification is GNU 13.3.0
[0.090s] -- The CXX compiler identification is GNU 13.3.0
[0.100s] -- Detecting C compiler ABI info
[0.157s] -- Detecting C compiler ABI info - done
[0.169s] -- Check for working C compiler: /usr/bin/cc - skipped
[0.169s] -- Detecting C compile features
[0.170s] -- Detecting C compile features - done
[0.176s] -- Detecting CXX compiler ABI info
[0.240s] -- Detecting CXX compiler ABI info - done
[0.247s] -- Check for working CXX compiler: /usr/bin/c++ - skipped
[0.247s] -- Detecting CXX compile features
[0.248s] -- Detecting CXX compile features - done
[0.251s] -- Found ament_cmake: 2.5.4 (/opt/ros/jazzy/share/ament_cmake/cmake)
[0.355s] -- Found Python3: /usr/bin/python3 (found version "3.12.3") found components: Interpreter 
[0.438s] -- Found ament_lint_auto: 0.17.2 (/opt/ros/jazzy/share/ament_lint_auto/cmake)
[0.534s] -- Added test 'flake8' to check Python code syntax and style conventions
[0.534s] -- Configured 'flake8' exclude dirs and/or files: 
[0.535s] -- Added test 'lint_cmake' to check CMake code style
[0.536s] -- Added test 'pep257' to check Python code against some of the docstring style conventions in PEP 257
[0.539s] -- Added test 'xmllint' to check XML markup files
[0.541s] -- Configuring done (0.5s)
[0.544s] -- Generating done (0.0s)
[0.546s] -- Build files have been written to: /home/baopham/ros2_ws/src/mec_mobile/build/mec_mobile_description
[0.553s] Invoked command in '/home/baopham/ros2_ws/src/mec_mobile/build/mec_mobile_description' returned '0': CMAKE_PREFIX_PATH=${CMAKE_PREFIX_PATH}:/opt/ros/jazzy DEBUGINFOD_URLS=https://debuginfod.ubuntu.com /usr/bin/cmake /home/baopham/ros2_ws/src/mec_mobile/mec_mobile_description -DCMAKE_INSTALL_PREFIX=/home/baopham/ros2_ws/src/mec_mobile/install/mec_mobile_description
[0.553s] Invoking command in '/home/baopham/ros2_ws/src/mec_mobile/build/mec_mobile_description': CMAKE_PREFIX_PATH=${CMAKE_PREFIX_PATH}:/opt/ros/jazzy DEBUGINFOD_URLS=https://debuginfod.ubuntu.com /usr/bin/cmake --build /home/baopham/ros2_ws/src/mec_mobile/build/mec_mobile_description -- -j16 -l16
[0.586s] Invoked command in '/home/baopham/ros2_ws/src/mec_mobile/build/mec_mobile_description' returned '0': CMAKE_PREFIX_PATH=${CMAKE_PREFIX_PATH}:/opt/ros/jazzy DEBUGINFOD_URLS=https://debuginfod.ubuntu.com /usr/bin/cmake --build /home/baopham/ros2_ws/src/mec_mobile/build/mec_mobile_description -- -j16 -l16
[0.587s] Invoking command in '/home/baopham/ros2_ws/src/mec_mobile/build/mec_mobile_description': CMAKE_PREFIX_PATH=${CMAKE_PREFIX_PATH}:/opt/ros/jazzy DEBUGINFOD_URLS=https://debuginfod.ubuntu.com /usr/bin/cmake --install /home/baopham/ros2_ws/src/mec_mobile/build/mec_mobile_description
[0.591s] -- Install configuration: ""
[0.591s] -- Installing: /home/baopham/ros2_ws/src/mec_mobile/install/mec_mobile_description/share/mec_mobile_description/meshes
[0.591s] -- Installing: /home/baopham/ros2_ws/src/mec_mobile/install/mec_mobile_description/share/mec_mobile_description/meshes/rplidar
[0.592s] -- Installing: /home/baopham/ros2_ws/src/mec_mobile/install/mec_mobile_description/share/mec_mobile_description/meshes/rplidar/rplidar_s2.stl
[0.592s] -- Installing: /home/baopham/ros2_ws/src/mec_mobile/install/mec_mobile_description/share/mec_mobile_description/meshes/robot_3d
[0.592s] -- Installing: /home/baopham/ros2_ws/src/mec_mobile/install/mec_mobile_description/share/mec_mobile_description/meshes/robot_3d/visual
[0.592s] -- Installing: /home/baopham/ros2_ws/src/mec_mobile/install/mec_mobile_description/share/mec_mobile_description/meshes/robot_3d/visual/front_right_wheel_X3.STL
[0.593s] -- Installing: /home/baopham/ros2_ws/src/mec_mobile/install/mec_mobile_description/share/mec_mobile_description/meshes/robot_3d/visual/back_right_wheel_X3.STL
[0.595s] -- Installing: /home/baopham/ros2_ws/src/mec_mobile/install/mec_mobile_description/share/mec_mobile_description/meshes/robot_3d/visual/camera_link.STL
[0.595s] -- Installing: /home/baopham/ros2_ws/src/mec_mobile/install/mec_mobile_description/share/mec_mobile_description/meshes/robot_3d/visual/laser_link.STL
[0.598s] -- Installing: /home/baopham/ros2_ws/src/mec_mobile/install/mec_mobile_description/share/mec_mobile_description/meshes/robot_3d/visual/base_link_X3.STL
[0.599s] -- Installing: /home/baopham/ros2_ws/src/mec_mobile/install/mec_mobile_description/share/mec_mobile_description/meshes/robot_3d/visual/back_left_wheel_X3.STL
[0.600s] -- Installing: /home/baopham/ros2_ws/src/mec_mobile/install/mec_mobile_description/share/mec_mobile_description/meshes/robot_3d/visual/front_left_wheel_X3.STL
[0.601s] -- Installing: /home/baopham/ros2_ws/src/mec_mobile/install/mec_mobile_description/share/mec_mobile_description/meshes/intel_realsense
[0.601s] -- Installing: /home/baopham/ros2_ws/src/mec_mobile/install/mec_mobile_description/share/mec_mobile_description/meshes/intel_realsense/visual
[0.601s] -- Installing: /home/baopham/ros2_ws/src/mec_mobile/install/mec_mobile_description/share/mec_mobile_description/meshes/intel_realsense/visual/d435.stl
[0.607s] -- Installing: /home/baopham/ros2_ws/src/mec_mobile/install/mec_mobile_description/share/mec_mobile_description/urdf
[0.607s] -- Installing: /home/baopham/ros2_ws/src/mec_mobile/install/mec_mobile_description/share/mec_mobile_description/urdf/materials.xacro
[0.607s] -- Installing: /home/baopham/ros2_ws/src/mec_mobile/install/mec_mobile_description/share/mec_mobile_description/urdf/mech
[0.607s] -- Installing: /home/baopham/ros2_ws/src/mec_mobile/install/mec_mobile_description/share/mec_mobile_description/urdf/mech/robot_3d_base.urdf.xacro
[0.607s] -- Installing: /home/baopham/ros2_ws/src/mec_mobile/install/mec_mobile_description/share/mec_mobile_description/urdf/mech/mecanum_wheel.urdf.xacro
[0.607s] -- Installing: /home/baopham/ros2_ws/src/mec_mobile/install/mec_mobile_description/share/mec_mobile_description/urdf/robots
[0.607s] -- Installing: /home/baopham/ros2_ws/src/mec_mobile/install/mec_mobile_description/share/mec_mobile_description/urdf/robots/robot_3d.urdf.xacro
[0.607s] -- Installing: /home/baopham/ros2_ws/src/mec_mobile/install/mec_mobile_description/share/mec_mobile_description/urdf/sensors
[0.607s] -- Installing: /home/baopham/ros2_ws/src/mec_mobile/install/mec_mobile_description/share/mec_mobile_description/urdf/sensors/rgbd_camera.urdf.xacro
[0.607s] -- Installing: /home/baopham/ros2_ws/src/mec_mobile/install/mec_mobile_description/share/mec_mobile_description/urdf/sensors/lidar.urdf.xacro
[0.607s] -- Installing: /home/baopham/ros2_ws/src/mec_mobile/install/mec_mobile_description/share/mec_mobile_description/urdf/sensors/imu.urdf.xacro
[0.607s] -- Installing: /home/baopham/ros2_ws/src/mec_mobile/install/mec_mobile_description/share/mec_mobile_description/urdf/control
[0.607s] -- Installing: /home/baopham/ros2_ws/src/mec_mobile/install/mec_mobile_description/share/mec_mobile_description/urdf/control/mec_mobile.gazebo
[0.607s] -- Installing: /home/baopham/ros2_ws/src/mec_mobile/install/mec_mobile_description/share/mec_mobile_description/launch
[0.608s] -- Installing: /home/baopham/ros2_ws/src/mec_mobile/install/mec_mobile_description/share/mec_mobile_description/launch/robot_state_publisher.launch.py
[0.608s] -- Installing: /home/baopham/ros2_ws/src/mec_mobile/install/mec_mobile_description/share/mec_mobile_description/launch/check_urdf.launch.py
[0.608s] -- Installing: /home/baopham/ros2_ws/src/mec_mobile/install/mec_mobile_description/share/mec_mobile_description/rviz
[0.608s] -- Installing: /home/baopham/ros2_ws/src/mec_mobile/install/mec_mobile_description/share/mec_mobile_description/rviz/rviz.rviz
[0.608s] -- Installing: /home/baopham/ros2_ws/src/mec_mobile/install/mec_mobile_description/share/mec_mobile_description/rviz/mec_mobile_description.rviz
[0.608s] -- Installing: /home/baopham/ros2_ws/src/mec_mobile/install/mec_mobile_description/share/ament_index/resource_index/package_run_dependencies/mec_mobile_description
[0.608s] -- Installing: /home/baopham/ros2_ws/src/mec_mobile/install/mec_mobile_description/share/ament_index/resource_index/parent_prefix_path/mec_mobile_description
[0.608s] -- Installing: /home/baopham/ros2_ws/src/mec_mobile/install/mec_mobile_description/share/mec_mobile_description/environment/ament_prefix_path.sh
[0.608s] -- Installing: /home/baopham/ros2_ws/src/mec_mobile/install/mec_mobile_description/share/mec_mobile_description/environment/ament_prefix_path.dsv
[0.608s] -- Installing: /home/baopham/ros2_ws/src/mec_mobile/install/mec_mobile_description/share/mec_mobile_description/environment/path.sh
[0.608s] -- Installing: /home/baopham/ros2_ws/src/mec_mobile/install/mec_mobile_description/share/mec_mobile_description/environment/path.dsv
[0.608s] -- Installing: /home/baopham/ros2_ws/src/mec_mobile/install/mec_mobile_description/share/mec_mobile_description/local_setup.bash
[0.608s] -- Installing: /home/baopham/ros2_ws/src/mec_mobile/install/mec_mobile_description/share/mec_mobile_description/local_setup.sh
[0.608s] -- Installing: /home/baopham/ros2_ws/src/mec_mobile/install/mec_mobile_description/share/mec_mobile_description/local_setup.zsh
[0.608s] -- Installing: /home/baopham/ros2_ws/src/mec_mobile/install/mec_mobile_description/share/mec_mobile_description/local_setup.dsv
[0.608s] -- Installing: /home/baopham/ros2_ws/src/mec_mobile/install/mec_mobile_description/share/mec_mobile_description/package.dsv
[0.608s] -- Installing: /home/baopham/ros2_ws/src/mec_mobile/install/mec_mobile_description/share/ament_index/resource_index/packages/mec_mobile_description
[0.609s] -- Installing: /home/baopham/ros2_ws/src/mec_mobile/install/mec_mobile_description/share/mec_mobile_description/cmake/mec_mobile_descriptionConfig.cmake
[0.609s] -- Installing: /home/baopham/ros2_ws/src/mec_mobile/install/mec_mobile_description/share/mec_mobile_description/cmake/mec_mobile_descriptionConfig-version.cmake
[0.609s] -- Installing: /home/baopham/ros2_ws/src/mec_mobile/install/mec_mobile_description/share/mec_mobile_description/package.xml
[0.610s] Invoked command in '/home/baopham/ros2_ws/src/mec_mobile/build/mec_mobile_description' returned '0': CMAKE_PREFIX_PATH=${CMAKE_PREFIX_PATH}:/opt/ros/jazzy DEBUGINFOD_URLS=https://debuginfod.ubuntu.com /usr/bin/cmake --install /home/baopham/ros2_ws/src/mec_mobile/build/mec_mobile_description
