[0.005s] Invoking command in '/home/baopham/ros2_ws/src/mec_mobile/build/mec_mobile': AMENT_PREFIX_PATH=/home/baopham/ros2_ws/src/mec_mobile/install/mec_mobile_description:${AMENT_PREFIX_PATH} CMAKE_PREFIX_PATH=/home/baopham/ros2_ws/src/mec_mobile/install/mec_mobile_description:/home/baopham/ros2_ws/install/mec_mobile_navigation:/home/baopham/ros2_ws/install/mec_mobile_gazebo:/home/baopham/ros2_ws/install/mec_mobile_description:/home/baopham/ros2_ws/install/mec_mobile:/opt/ros/jazzy/opt/gz_sim_vendor:/opt/ros/jazzy/opt/gz_sensors_vendor:/opt/ros/jazzy/opt/gz_physics_vendor:/opt/ros/jazzy/opt/sdformat_vendor:/opt/ros/jazzy/opt/gz_gui_vendor:/opt/ros/jazzy/opt/gz_transport_vendor:/opt/ros/jazzy/opt/gz_rendering_vendor:/opt/ros/jazzy/opt/gz_plugin_vendor:/opt/ros/jazzy/opt/gz_fuel_tools_vendor:/opt/ros/jazzy/opt/gz_msgs_vendor:/opt/ros/jazzy/opt/gz_common_vendor:/opt/ros/jazzy/opt/gz_math_vendor:/opt/ros/jazzy/opt/gz_utils_vendor:/opt/ros/jazzy/opt/gz_tools_vendor:/opt/ros/jazzy/opt/gz_ogre_next_vendor:/opt/ros/jazzy/opt/gz_dartsim_vendor:/opt/ros/jazzy/opt/gz_cmake_vendor:/opt/ros/jazzy DEBUGINFOD_URLS=https://debuginfod.ubuntu.com /usr/bin/cmake /home/baopham/ros2_ws/src/mec_mobile/mec_mobile -DCMAKE_INSTALL_PREFIX=/home/baopham/ros2_ws/src/mec_mobile/install/mec_mobile
[0.041s] -- The C compiler identification is GNU 13.3.0
[0.078s] -- The CXX compiler identification is GNU 13.3.0
[0.088s] -- Detecting C compiler ABI info
[0.145s] -- Detecting C compiler ABI info - done
[0.151s] -- Check for working C compiler: /usr/bin/cc - skipped
[0.152s] -- Detecting C compile features
[0.152s] -- Detecting C compile features - done
[0.158s] -- Detecting CXX compiler ABI info
[0.224s] -- Detecting CXX compiler ABI info - done
[0.231s] -- Check for working CXX compiler: /usr/bin/c++ - skipped
[0.231s] -- Detecting CXX compile features
[0.231s] -- Detecting CXX compile features - done
[0.234s] -- Found ament_cmake: 2.5.4 (/opt/ros/jazzy/share/ament_cmake/cmake)
[0.334s] -- Found Python3: /usr/bin/python3 (found version "3.12.3") found components: Interpreter 
[0.417s] -- Found ament_lint_auto: 0.17.2 (/opt/ros/jazzy/share/ament_lint_auto/cmake)
[0.491s] -- Added test 'lint_cmake' to check CMake code style
[0.492s] -- Added test 'xmllint' to check XML markup files
[0.493s] -- Configuring done (0.5s)
[0.494s] -- Generating done (0.0s)
[0.495s] -- Build files have been written to: /home/baopham/ros2_ws/src/mec_mobile/build/mec_mobile
[0.499s] Invoked command in '/home/baopham/ros2_ws/src/mec_mobile/build/mec_mobile' returned '0': AMENT_PREFIX_PATH=/home/baopham/ros2_ws/src/mec_mobile/install/mec_mobile_description:${AMENT_PREFIX_PATH} CMAKE_PREFIX_PATH=/home/baopham/ros2_ws/src/mec_mobile/install/mec_mobile_description:/home/baopham/ros2_ws/install/mec_mobile_navigation:/home/baopham/ros2_ws/install/mec_mobile_gazebo:/home/baopham/ros2_ws/install/mec_mobile_description:/home/baopham/ros2_ws/install/mec_mobile:/opt/ros/jazzy/opt/gz_sim_vendor:/opt/ros/jazzy/opt/gz_sensors_vendor:/opt/ros/jazzy/opt/gz_physics_vendor:/opt/ros/jazzy/opt/sdformat_vendor:/opt/ros/jazzy/opt/gz_gui_vendor:/opt/ros/jazzy/opt/gz_transport_vendor:/opt/ros/jazzy/opt/gz_rendering_vendor:/opt/ros/jazzy/opt/gz_plugin_vendor:/opt/ros/jazzy/opt/gz_fuel_tools_vendor:/opt/ros/jazzy/opt/gz_msgs_vendor:/opt/ros/jazzy/opt/gz_common_vendor:/opt/ros/jazzy/opt/gz_math_vendor:/opt/ros/jazzy/opt/gz_utils_vendor:/opt/ros/jazzy/opt/gz_tools_vendor:/opt/ros/jazzy/opt/gz_ogre_next_vendor:/opt/ros/jazzy/opt/gz_dartsim_vendor:/opt/ros/jazzy/opt/gz_cmake_vendor:/opt/ros/jazzy DEBUGINFOD_URLS=https://debuginfod.ubuntu.com /usr/bin/cmake /home/baopham/ros2_ws/src/mec_mobile/mec_mobile -DCMAKE_INSTALL_PREFIX=/home/baopham/ros2_ws/src/mec_mobile/install/mec_mobile
[0.499s] Invoking command in '/home/baopham/ros2_ws/src/mec_mobile/build/mec_mobile': AMENT_PREFIX_PATH=/home/baopham/ros2_ws/src/mec_mobile/install/mec_mobile_description:${AMENT_PREFIX_PATH} CMAKE_PREFIX_PATH=/home/baopham/ros2_ws/src/mec_mobile/install/mec_mobile_description:/home/baopham/ros2_ws/install/mec_mobile_navigation:/home/baopham/ros2_ws/install/mec_mobile_gazebo:/home/baopham/ros2_ws/install/mec_mobile_description:/home/baopham/ros2_ws/install/mec_mobile:/opt/ros/jazzy/opt/gz_sim_vendor:/opt/ros/jazzy/opt/gz_sensors_vendor:/opt/ros/jazzy/opt/gz_physics_vendor:/opt/ros/jazzy/opt/sdformat_vendor:/opt/ros/jazzy/opt/gz_gui_vendor:/opt/ros/jazzy/opt/gz_transport_vendor:/opt/ros/jazzy/opt/gz_rendering_vendor:/opt/ros/jazzy/opt/gz_plugin_vendor:/opt/ros/jazzy/opt/gz_fuel_tools_vendor:/opt/ros/jazzy/opt/gz_msgs_vendor:/opt/ros/jazzy/opt/gz_common_vendor:/opt/ros/jazzy/opt/gz_math_vendor:/opt/ros/jazzy/opt/gz_utils_vendor:/opt/ros/jazzy/opt/gz_tools_vendor:/opt/ros/jazzy/opt/gz_ogre_next_vendor:/opt/ros/jazzy/opt/gz_dartsim_vendor:/opt/ros/jazzy/opt/gz_cmake_vendor:/opt/ros/jazzy DEBUGINFOD_URLS=https://debuginfod.ubuntu.com /usr/bin/cmake --build /home/baopham/ros2_ws/src/mec_mobile/build/mec_mobile -- -j16 -l16
[0.533s] Invoked command in '/home/baopham/ros2_ws/src/mec_mobile/build/mec_mobile' returned '0': AMENT_PREFIX_PATH=/home/baopham/ros2_ws/src/mec_mobile/install/mec_mobile_description:${AMENT_PREFIX_PATH} CMAKE_PREFIX_PATH=/home/baopham/ros2_ws/src/mec_mobile/install/mec_mobile_description:/home/baopham/ros2_ws/install/mec_mobile_navigation:/home/baopham/ros2_ws/install/mec_mobile_gazebo:/home/baopham/ros2_ws/install/mec_mobile_description:/home/baopham/ros2_ws/install/mec_mobile:/opt/ros/jazzy/opt/gz_sim_vendor:/opt/ros/jazzy/opt/gz_sensors_vendor:/opt/ros/jazzy/opt/gz_physics_vendor:/opt/ros/jazzy/opt/sdformat_vendor:/opt/ros/jazzy/opt/gz_gui_vendor:/opt/ros/jazzy/opt/gz_transport_vendor:/opt/ros/jazzy/opt/gz_rendering_vendor:/opt/ros/jazzy/opt/gz_plugin_vendor:/opt/ros/jazzy/opt/gz_fuel_tools_vendor:/opt/ros/jazzy/opt/gz_msgs_vendor:/opt/ros/jazzy/opt/gz_common_vendor:/opt/ros/jazzy/opt/gz_math_vendor:/opt/ros/jazzy/opt/gz_utils_vendor:/opt/ros/jazzy/opt/gz_tools_vendor:/opt/ros/jazzy/opt/gz_ogre_next_vendor:/opt/ros/jazzy/opt/gz_dartsim_vendor:/opt/ros/jazzy/opt/gz_cmake_vendor:/opt/ros/jazzy DEBUGINFOD_URLS=https://debuginfod.ubuntu.com /usr/bin/cmake --build /home/baopham/ros2_ws/src/mec_mobile/build/mec_mobile -- -j16 -l16
[0.534s] Invoking command in '/home/baopham/ros2_ws/src/mec_mobile/build/mec_mobile': AMENT_PREFIX_PATH=/home/baopham/ros2_ws/src/mec_mobile/install/mec_mobile_description:${AMENT_PREFIX_PATH} CMAKE_PREFIX_PATH=/home/baopham/ros2_ws/src/mec_mobile/install/mec_mobile_description:/home/baopham/ros2_ws/install/mec_mobile_navigation:/home/baopham/ros2_ws/install/mec_mobile_gazebo:/home/baopham/ros2_ws/install/mec_mobile_description:/home/baopham/ros2_ws/install/mec_mobile:/opt/ros/jazzy/opt/gz_sim_vendor:/opt/ros/jazzy/opt/gz_sensors_vendor:/opt/ros/jazzy/opt/gz_physics_vendor:/opt/ros/jazzy/opt/sdformat_vendor:/opt/ros/jazzy/opt/gz_gui_vendor:/opt/ros/jazzy/opt/gz_transport_vendor:/opt/ros/jazzy/opt/gz_rendering_vendor:/opt/ros/jazzy/opt/gz_plugin_vendor:/opt/ros/jazzy/opt/gz_fuel_tools_vendor:/opt/ros/jazzy/opt/gz_msgs_vendor:/opt/ros/jazzy/opt/gz_common_vendor:/opt/ros/jazzy/opt/gz_math_vendor:/opt/ros/jazzy/opt/gz_utils_vendor:/opt/ros/jazzy/opt/gz_tools_vendor:/opt/ros/jazzy/opt/gz_ogre_next_vendor:/opt/ros/jazzy/opt/gz_dartsim_vendor:/opt/ros/jazzy/opt/gz_cmake_vendor:/opt/ros/jazzy DEBUGINFOD_URLS=https://debuginfod.ubuntu.com /usr/bin/cmake --install /home/baopham/ros2_ws/src/mec_mobile/build/mec_mobile
[0.544s] -- Install configuration: ""
[0.544s] -- Installing: /home/baopham/ros2_ws/src/mec_mobile/install/mec_mobile/share/ament_index/resource_index/package_run_dependencies/mec_mobile
[0.544s] -- Installing: /home/baopham/ros2_ws/src/mec_mobile/install/mec_mobile/share/ament_index/resource_index/parent_prefix_path/mec_mobile
[0.544s] -- Installing: /home/baopham/ros2_ws/src/mec_mobile/install/mec_mobile/share/mec_mobile/environment/ament_prefix_path.sh
[0.545s] -- Installing: /home/baopham/ros2_ws/src/mec_mobile/install/mec_mobile/share/mec_mobile/environment/ament_prefix_path.dsv
[0.545s] -- Installing: /home/baopham/ros2_ws/src/mec_mobile/install/mec_mobile/share/mec_mobile/environment/path.sh
[0.545s] -- Installing: /home/baopham/ros2_ws/src/mec_mobile/install/mec_mobile/share/mec_mobile/environment/path.dsv
[0.545s] -- Installing: /home/baopham/ros2_ws/src/mec_mobile/install/mec_mobile/share/mec_mobile/local_setup.bash
[0.545s] -- Installing: /home/baopham/ros2_ws/src/mec_mobile/install/mec_mobile/share/mec_mobile/local_setup.sh
[0.545s] -- Installing: /home/baopham/ros2_ws/src/mec_mobile/install/mec_mobile/share/mec_mobile/local_setup.zsh
[0.545s] -- Installing: /home/baopham/ros2_ws/src/mec_mobile/install/mec_mobile/share/mec_mobile/local_setup.dsv
[0.546s] -- Installing: /home/baopham/ros2_ws/src/mec_mobile/install/mec_mobile/share/mec_mobile/package.dsv
[0.546s] -- Installing: /home/baopham/ros2_ws/src/mec_mobile/install/mec_mobile/share/ament_index/resource_index/packages/mec_mobile
[0.546s] -- Installing: /home/baopham/ros2_ws/src/mec_mobile/install/mec_mobile/share/mec_mobile/cmake/mec_mobileConfig.cmake
[0.546s] -- Installing: /home/baopham/ros2_ws/src/mec_mobile/install/mec_mobile/share/mec_mobile/cmake/mec_mobileConfig-version.cmake
[0.546s] -- Installing: /home/baopham/ros2_ws/src/mec_mobile/install/mec_mobile/share/mec_mobile/package.xml
[0.547s] Invoked command in '/home/baopham/ros2_ws/src/mec_mobile/build/mec_mobile' returned '0': AMENT_PREFIX_PATH=/home/baopham/ros2_ws/src/mec_mobile/install/mec_mobile_description:${AMENT_PREFIX_PATH} CMAKE_PREFIX_PATH=/home/baopham/ros2_ws/src/mec_mobile/install/mec_mobile_description:/home/baopham/ros2_ws/install/mec_mobile_navigation:/home/baopham/ros2_ws/install/mec_mobile_gazebo:/home/baopham/ros2_ws/install/mec_mobile_description:/home/baopham/ros2_ws/install/mec_mobile:/opt/ros/jazzy/opt/gz_sim_vendor:/opt/ros/jazzy/opt/gz_sensors_vendor:/opt/ros/jazzy/opt/gz_physics_vendor:/opt/ros/jazzy/opt/sdformat_vendor:/opt/ros/jazzy/opt/gz_gui_vendor:/opt/ros/jazzy/opt/gz_transport_vendor:/opt/ros/jazzy/opt/gz_rendering_vendor:/opt/ros/jazzy/opt/gz_plugin_vendor:/opt/ros/jazzy/opt/gz_fuel_tools_vendor:/opt/ros/jazzy/opt/gz_msgs_vendor:/opt/ros/jazzy/opt/gz_common_vendor:/opt/ros/jazzy/opt/gz_math_vendor:/opt/ros/jazzy/opt/gz_utils_vendor:/opt/ros/jazzy/opt/gz_tools_vendor:/opt/ros/jazzy/opt/gz_ogre_next_vendor:/opt/ros/jazzy/opt/gz_dartsim_vendor:/opt/ros/jazzy/opt/gz_cmake_vendor:/opt/ros/jazzy DEBUGINFOD_URLS=https://debuginfod.ubuntu.com /usr/bin/cmake --install /home/baopham/ros2_ws/src/mec_mobile/build/mec_mobile
