[0.066s] DEBUG:colcon:Command line arguments: ['/usr/bin/colcon', 'build']
[0.066s] DEBUG:colcon:Parsed command line arguments: Namespace(log_base=None, log_level=None, verb_name='build', build_base='build', install_base='install', merge_install=False, symlink_install=False, test_result_base=None, continue_on_error=False, executor='parallel', parallel_workers=16, event_handlers=None, ignore_user_meta=False, metas=['./colcon.meta'], base_paths=['.'], packages_ignore=None, packages_ignore_regex=None, paths=None, packages_up_to=None, packages_up_to_regex=None, packages_above=None, packages_above_and_dependencies=None, packages_above_depth=None, packages_select_by_dep=None, packages_skip_by_dep=None, packages_skip_up_to=None, packages_select_build_failed=False, packages_skip_build_finished=False, packages_select_test_failures=False, packages_skip_test_passed=False, packages_select=None, packages_skip=None, packages_select_regex=None, packages_skip_regex=None, packages_start=None, packages_end=None, allow_overriding=[], cmake_args=None, cmake_target=None, cmake_target_skip_unavailable=False, cmake_clean_cache=False, cmake_clean_first=False, cmake_force_configure=False, ament_cmake_args=None, catkin_cmake_args=None, catkin_skip_building_tests=False, mixin_files=None, mixin=None, verb_parser=<colcon_mixin.mixin.mixin_argument.MixinArgumentDecorator object at 0x7fc9d57605c0>, verb_extension=<colcon_core.verb.build.BuildVerb object at 0x7fc9d5760350>, main=<bound method BuildVerb.main of <colcon_core.verb.build.BuildVerb object at 0x7fc9d5760350>>, mixin_verb=('build',))
[0.090s] Level 1:colcon.colcon_core.package_discovery:discover_packages(colcon_meta) check parameters
[0.090s] Level 1:colcon.colcon_core.package_discovery:discover_packages(recursive) check parameters
[0.090s] Level 1:colcon.colcon_core.package_discovery:discover_packages(ignore) check parameters
[0.090s] Level 1:colcon.colcon_core.package_discovery:discover_packages(path) check parameters
[0.090s] Level 1:colcon.colcon_core.package_discovery:discover_packages(colcon_meta) discover
[0.090s] Level 1:colcon.colcon_core.package_discovery:discover_packages(recursive) discover
[0.090s] INFO:colcon.colcon_core.package_discovery:Crawling recursively for packages in '/home/baopham/ros2_ws/src/mec_mobile'
[0.090s] Level 1:colcon.colcon_core.package_identification:_identify(.) by extensions ['ignore', 'ignore_ament_install']
[0.090s] Level 1:colcon.colcon_core.package_identification:_identify(.) by extension 'ignore'
[0.090s] Level 1:colcon.colcon_core.package_identification:_identify(.) by extension 'ignore_ament_install'
[0.090s] Level 1:colcon.colcon_core.package_identification:_identify(.) by extensions ['colcon_pkg']
[0.090s] Level 1:colcon.colcon_core.package_identification:_identify(.) by extension 'colcon_pkg'
[0.091s] Level 1:colcon.colcon_core.package_identification:_identify(.) by extensions ['colcon_meta']
[0.091s] Level 1:colcon.colcon_core.package_identification:_identify(.) by extension 'colcon_meta'
[0.091s] Level 1:colcon.colcon_core.package_identification:_identify(.) by extensions ['ros']
[0.091s] Level 1:colcon.colcon_core.package_identification:_identify(.) by extension 'ros'
[0.107s] Level 1:colcon.colcon_core.package_identification:_identify(.) by extensions ['cmake', 'python']
[0.107s] Level 1:colcon.colcon_core.package_identification:_identify(.) by extension 'cmake'
[0.107s] Level 1:colcon.colcon_core.package_identification:_identify(.) by extension 'python'
[0.107s] Level 1:colcon.colcon_core.package_identification:_identify(.) by extensions ['python_setup_py']
[0.107s] Level 1:colcon.colcon_core.package_identification:_identify(.) by extension 'python_setup_py'
[0.107s] Level 1:colcon.colcon_core.package_identification:_identify(build) by extensions ['ignore', 'ignore_ament_install']
[0.107s] Level 1:colcon.colcon_core.package_identification:_identify(build) by extension 'ignore'
[0.107s] Level 1:colcon.colcon_core.package_identification:_identify(build) ignored
[0.107s] Level 1:colcon.colcon_core.package_identification:_identify(install) by extensions ['ignore', 'ignore_ament_install']
[0.107s] Level 1:colcon.colcon_core.package_identification:_identify(install) by extension 'ignore'
[0.107s] Level 1:colcon.colcon_core.package_identification:_identify(install) ignored
[0.107s] Level 1:colcon.colcon_core.package_identification:_identify(log) by extensions ['ignore', 'ignore_ament_install']
[0.107s] Level 1:colcon.colcon_core.package_identification:_identify(log) by extension 'ignore'
[0.107s] Level 1:colcon.colcon_core.package_identification:_identify(log) ignored
[0.107s] Level 1:colcon.colcon_core.package_identification:_identify(mec_mobile) by extensions ['ignore', 'ignore_ament_install']
[0.108s] Level 1:colcon.colcon_core.package_identification:_identify(mec_mobile) by extension 'ignore'
[0.108s] Level 1:colcon.colcon_core.package_identification:_identify(mec_mobile) by extension 'ignore_ament_install'
[0.108s] Level 1:colcon.colcon_core.package_identification:_identify(mec_mobile) by extensions ['colcon_pkg']
[0.108s] Level 1:colcon.colcon_core.package_identification:_identify(mec_mobile) by extension 'colcon_pkg'
[0.108s] Level 1:colcon.colcon_core.package_identification:_identify(mec_mobile) by extensions ['colcon_meta']
[0.108s] Level 1:colcon.colcon_core.package_identification:_identify(mec_mobile) by extension 'colcon_meta'
[0.108s] Level 1:colcon.colcon_core.package_identification:_identify(mec_mobile) by extensions ['ros']
[0.108s] Level 1:colcon.colcon_core.package_identification:_identify(mec_mobile) by extension 'ros'
[0.109s] DEBUG:colcon.colcon_core.package_identification:Package 'mec_mobile' with type 'ros.ament_cmake' and name 'mec_mobile'
[0.109s] Level 1:colcon.colcon_core.package_identification:_identify(mec_mobile_description) by extensions ['ignore', 'ignore_ament_install']
[0.109s] Level 1:colcon.colcon_core.package_identification:_identify(mec_mobile_description) by extension 'ignore'
[0.109s] Level 1:colcon.colcon_core.package_identification:_identify(mec_mobile_description) by extension 'ignore_ament_install'
[0.109s] Level 1:colcon.colcon_core.package_identification:_identify(mec_mobile_description) by extensions ['colcon_pkg']
[0.109s] Level 1:colcon.colcon_core.package_identification:_identify(mec_mobile_description) by extension 'colcon_pkg'
[0.109s] Level 1:colcon.colcon_core.package_identification:_identify(mec_mobile_description) by extensions ['colcon_meta']
[0.109s] Level 1:colcon.colcon_core.package_identification:_identify(mec_mobile_description) by extension 'colcon_meta'
[0.109s] Level 1:colcon.colcon_core.package_identification:_identify(mec_mobile_description) by extensions ['ros']
[0.109s] Level 1:colcon.colcon_core.package_identification:_identify(mec_mobile_description) by extension 'ros'
[0.110s] DEBUG:colcon.colcon_core.package_identification:Package 'mec_mobile_description' with type 'ros.ament_cmake' and name 'mec_mobile_description'
[0.110s] Level 1:colcon.colcon_core.package_identification:_identify(mec_mobile_gazebo) by extensions ['ignore', 'ignore_ament_install']
[0.110s] Level 1:colcon.colcon_core.package_identification:_identify(mec_mobile_gazebo) by extension 'ignore'
[0.110s] Level 1:colcon.colcon_core.package_identification:_identify(mec_mobile_gazebo) by extension 'ignore_ament_install'
[0.110s] Level 1:colcon.colcon_core.package_identification:_identify(mec_mobile_gazebo) by extensions ['colcon_pkg']
[0.110s] Level 1:colcon.colcon_core.package_identification:_identify(mec_mobile_gazebo) by extension 'colcon_pkg'
[0.110s] Level 1:colcon.colcon_core.package_identification:_identify(mec_mobile_gazebo) by extensions ['colcon_meta']
[0.110s] Level 1:colcon.colcon_core.package_identification:_identify(mec_mobile_gazebo) by extension 'colcon_meta'
[0.110s] Level 1:colcon.colcon_core.package_identification:_identify(mec_mobile_gazebo) by extensions ['ros']
[0.110s] Level 1:colcon.colcon_core.package_identification:_identify(mec_mobile_gazebo) by extension 'ros'
[0.110s] DEBUG:colcon.colcon_core.package_identification:Package 'mec_mobile_gazebo' with type 'ros.ament_cmake' and name 'mec_mobile_gazebo'
[0.110s] Level 1:colcon.colcon_core.package_identification:_identify(mec_mobile_navigation) by extensions ['ignore', 'ignore_ament_install']
[0.110s] Level 1:colcon.colcon_core.package_identification:_identify(mec_mobile_navigation) by extension 'ignore'
[0.110s] Level 1:colcon.colcon_core.package_identification:_identify(mec_mobile_navigation) by extension 'ignore_ament_install'
[0.110s] Level 1:colcon.colcon_core.package_identification:_identify(mec_mobile_navigation) by extensions ['colcon_pkg']
[0.110s] Level 1:colcon.colcon_core.package_identification:_identify(mec_mobile_navigation) by extension 'colcon_pkg'
[0.110s] Level 1:colcon.colcon_core.package_identification:_identify(mec_mobile_navigation) by extensions ['colcon_meta']
[0.110s] Level 1:colcon.colcon_core.package_identification:_identify(mec_mobile_navigation) by extension 'colcon_meta'
[0.110s] Level 1:colcon.colcon_core.package_identification:_identify(mec_mobile_navigation) by extensions ['ros']
[0.110s] Level 1:colcon.colcon_core.package_identification:_identify(mec_mobile_navigation) by extension 'ros'
[0.111s] DEBUG:colcon.colcon_core.package_identification:Package 'mec_mobile_navigation' with type 'ros.ament_cmake' and name 'mec_mobile_navigation'
[0.111s] Level 1:colcon.colcon_core.package_discovery:discover_packages(recursive) using defaults
[0.111s] Level 1:colcon.colcon_core.package_discovery:discover_packages(ignore) discover
[0.111s] Level 1:colcon.colcon_core.package_discovery:discover_packages(ignore) using defaults
[0.111s] Level 1:colcon.colcon_core.package_discovery:discover_packages(path) discover
[0.111s] Level 1:colcon.colcon_core.package_discovery:discover_packages(path) using defaults
[0.122s] Level 1:colcon.colcon_core.package_discovery:discover_packages(prefix_path) check parameters
[0.122s] Level 1:colcon.colcon_core.package_discovery:discover_packages(prefix_path) discover
[0.123s] DEBUG:colcon.colcon_installed_package_information.package_discovery:Found 4 installed packages in /home/baopham/ros2_ws/install
[0.124s] DEBUG:colcon.colcon_installed_package_information.package_discovery:Found 419 installed packages in /opt/ros/jazzy
[0.125s] Level 1:colcon.colcon_core.package_discovery:discover_packages(prefix_path) using defaults
[0.158s] Level 5:colcon.colcon_core.verb:set package 'mec_mobile_description' build argument 'cmake_args' from command line to 'None'
[0.158s] Level 5:colcon.colcon_core.verb:set package 'mec_mobile_description' build argument 'cmake_target' from command line to 'None'
[0.158s] Level 5:colcon.colcon_core.verb:set package 'mec_mobile_description' build argument 'cmake_target_skip_unavailable' from command line to 'False'
[0.158s] Level 5:colcon.colcon_core.verb:set package 'mec_mobile_description' build argument 'cmake_clean_cache' from command line to 'False'
[0.158s] Level 5:colcon.colcon_core.verb:set package 'mec_mobile_description' build argument 'cmake_clean_first' from command line to 'False'
[0.158s] Level 5:colcon.colcon_core.verb:set package 'mec_mobile_description' build argument 'cmake_force_configure' from command line to 'False'
[0.158s] Level 5:colcon.colcon_core.verb:set package 'mec_mobile_description' build argument 'ament_cmake_args' from command line to 'None'
[0.158s] Level 5:colcon.colcon_core.verb:set package 'mec_mobile_description' build argument 'catkin_cmake_args' from command line to 'None'
[0.158s] Level 5:colcon.colcon_core.verb:set package 'mec_mobile_description' build argument 'catkin_skip_building_tests' from command line to 'False'
[0.158s] DEBUG:colcon.colcon_core.verb:Building package 'mec_mobile_description' with the following arguments: {'ament_cmake_args': None, 'build_base': '/home/baopham/ros2_ws/src/mec_mobile/build/mec_mobile_description', 'catkin_cmake_args': None, 'catkin_skip_building_tests': False, 'cmake_args': None, 'cmake_clean_cache': False, 'cmake_clean_first': False, 'cmake_force_configure': False, 'cmake_target': None, 'cmake_target_skip_unavailable': False, 'install_base': '/home/baopham/ros2_ws/src/mec_mobile/install/mec_mobile_description', 'merge_install': False, 'path': '/home/baopham/ros2_ws/src/mec_mobile/mec_mobile_description', 'symlink_install': False, 'test_result_base': None}
[0.158s] Level 5:colcon.colcon_core.verb:set package 'mec_mobile_gazebo' build argument 'cmake_args' from command line to 'None'
[0.158s] Level 5:colcon.colcon_core.verb:set package 'mec_mobile_gazebo' build argument 'cmake_target' from command line to 'None'
[0.158s] Level 5:colcon.colcon_core.verb:set package 'mec_mobile_gazebo' build argument 'cmake_target_skip_unavailable' from command line to 'False'
[0.158s] Level 5:colcon.colcon_core.verb:set package 'mec_mobile_gazebo' build argument 'cmake_clean_cache' from command line to 'False'
[0.158s] Level 5:colcon.colcon_core.verb:set package 'mec_mobile_gazebo' build argument 'cmake_clean_first' from command line to 'False'
[0.158s] Level 5:colcon.colcon_core.verb:set package 'mec_mobile_gazebo' build argument 'cmake_force_configure' from command line to 'False'
[0.158s] Level 5:colcon.colcon_core.verb:set package 'mec_mobile_gazebo' build argument 'ament_cmake_args' from command line to 'None'
[0.158s] Level 5:colcon.colcon_core.verb:set package 'mec_mobile_gazebo' build argument 'catkin_cmake_args' from command line to 'None'
[0.158s] Level 5:colcon.colcon_core.verb:set package 'mec_mobile_gazebo' build argument 'catkin_skip_building_tests' from command line to 'False'
[0.158s] DEBUG:colcon.colcon_core.verb:Building package 'mec_mobile_gazebo' with the following arguments: {'ament_cmake_args': None, 'build_base': '/home/baopham/ros2_ws/src/mec_mobile/build/mec_mobile_gazebo', 'catkin_cmake_args': None, 'catkin_skip_building_tests': False, 'cmake_args': None, 'cmake_clean_cache': False, 'cmake_clean_first': False, 'cmake_force_configure': False, 'cmake_target': None, 'cmake_target_skip_unavailable': False, 'install_base': '/home/baopham/ros2_ws/src/mec_mobile/install/mec_mobile_gazebo', 'merge_install': False, 'path': '/home/baopham/ros2_ws/src/mec_mobile/mec_mobile_gazebo', 'symlink_install': False, 'test_result_base': None}
[0.159s] Level 5:colcon.colcon_core.verb:set package 'mec_mobile_navigation' build argument 'cmake_args' from command line to 'None'
[0.159s] Level 5:colcon.colcon_core.verb:set package 'mec_mobile_navigation' build argument 'cmake_target' from command line to 'None'
[0.159s] Level 5:colcon.colcon_core.verb:set package 'mec_mobile_navigation' build argument 'cmake_target_skip_unavailable' from command line to 'False'
[0.159s] Level 5:colcon.colcon_core.verb:set package 'mec_mobile_navigation' build argument 'cmake_clean_cache' from command line to 'False'
[0.159s] Level 5:colcon.colcon_core.verb:set package 'mec_mobile_navigation' build argument 'cmake_clean_first' from command line to 'False'
[0.159s] Level 5:colcon.colcon_core.verb:set package 'mec_mobile_navigation' build argument 'cmake_force_configure' from command line to 'False'
[0.159s] Level 5:colcon.colcon_core.verb:set package 'mec_mobile_navigation' build argument 'ament_cmake_args' from command line to 'None'
[0.159s] Level 5:colcon.colcon_core.verb:set package 'mec_mobile_navigation' build argument 'catkin_cmake_args' from command line to 'None'
[0.159s] Level 5:colcon.colcon_core.verb:set package 'mec_mobile_navigation' build argument 'catkin_skip_building_tests' from command line to 'False'
[0.159s] DEBUG:colcon.colcon_core.verb:Building package 'mec_mobile_navigation' with the following arguments: {'ament_cmake_args': None, 'build_base': '/home/baopham/ros2_ws/src/mec_mobile/build/mec_mobile_navigation', 'catkin_cmake_args': None, 'catkin_skip_building_tests': False, 'cmake_args': None, 'cmake_clean_cache': False, 'cmake_clean_first': False, 'cmake_force_configure': False, 'cmake_target': None, 'cmake_target_skip_unavailable': False, 'install_base': '/home/baopham/ros2_ws/src/mec_mobile/install/mec_mobile_navigation', 'merge_install': False, 'path': '/home/baopham/ros2_ws/src/mec_mobile/mec_mobile_navigation', 'symlink_install': False, 'test_result_base': None}
[0.159s] Level 5:colcon.colcon_core.verb:set package 'mec_mobile' build argument 'cmake_args' from command line to 'None'
[0.159s] Level 5:colcon.colcon_core.verb:set package 'mec_mobile' build argument 'cmake_target' from command line to 'None'
[0.159s] Level 5:colcon.colcon_core.verb:set package 'mec_mobile' build argument 'cmake_target_skip_unavailable' from command line to 'False'
[0.159s] Level 5:colcon.colcon_core.verb:set package 'mec_mobile' build argument 'cmake_clean_cache' from command line to 'False'
[0.159s] Level 5:colcon.colcon_core.verb:set package 'mec_mobile' build argument 'cmake_clean_first' from command line to 'False'
[0.159s] Level 5:colcon.colcon_core.verb:set package 'mec_mobile' build argument 'cmake_force_configure' from command line to 'False'
[0.159s] Level 5:colcon.colcon_core.verb:set package 'mec_mobile' build argument 'ament_cmake_args' from command line to 'None'
[0.159s] Level 5:colcon.colcon_core.verb:set package 'mec_mobile' build argument 'catkin_cmake_args' from command line to 'None'
[0.159s] Level 5:colcon.colcon_core.verb:set package 'mec_mobile' build argument 'catkin_skip_building_tests' from command line to 'False'
[0.159s] DEBUG:colcon.colcon_core.verb:Building package 'mec_mobile' with the following arguments: {'ament_cmake_args': None, 'build_base': '/home/baopham/ros2_ws/src/mec_mobile/build/mec_mobile', 'catkin_cmake_args': None, 'catkin_skip_building_tests': False, 'cmake_args': None, 'cmake_clean_cache': False, 'cmake_clean_first': False, 'cmake_force_configure': False, 'cmake_target': None, 'cmake_target_skip_unavailable': False, 'install_base': '/home/baopham/ros2_ws/src/mec_mobile/install/mec_mobile', 'merge_install': False, 'path': '/home/baopham/ros2_ws/src/mec_mobile/mec_mobile', 'symlink_install': False, 'test_result_base': None}
[0.159s] INFO:colcon.colcon_core.executor:Executing jobs using 'parallel' executor
[0.160s] DEBUG:colcon.colcon_parallel_executor.executor.parallel:run_until_complete
[0.160s] INFO:colcon.colcon_ros.task.ament_cmake.build:Building ROS package in '/home/baopham/ros2_ws/src/mec_mobile/mec_mobile_description' with build type 'ament_cmake'
[0.160s] INFO:colcon.colcon_cmake.task.cmake.build:Building CMake package in '/home/baopham/ros2_ws/src/mec_mobile/mec_mobile_description'
[0.161s] INFO:colcon.colcon_core.plugin_system:Skipping extension 'colcon_core.shell.bat': Not used on non-Windows systems
[0.161s] INFO:colcon.colcon_core.shell:Skip shell extension 'powershell' for command environment: Not usable outside of PowerShell
[0.161s] DEBUG:colcon.colcon_core.shell:Skip shell extension 'dsv' for command environment
[0.164s] INFO:colcon.colcon_ros.task.ament_cmake.build:Building ROS package in '/home/baopham/ros2_ws/src/mec_mobile/mec_mobile_gazebo' with build type 'ament_cmake'
[0.164s] INFO:colcon.colcon_cmake.task.cmake.build:Building CMake package in '/home/baopham/ros2_ws/src/mec_mobile/mec_mobile_gazebo'
[0.164s] INFO:colcon.colcon_core.shell:Skip shell extension 'powershell' for command environment: Not usable outside of PowerShell
[0.164s] DEBUG:colcon.colcon_core.shell:Skip shell extension 'dsv' for command environment
[0.166s] INFO:colcon.colcon_ros.task.ament_cmake.build:Building ROS package in '/home/baopham/ros2_ws/src/mec_mobile/mec_mobile_navigation' with build type 'ament_cmake'
[0.166s] INFO:colcon.colcon_cmake.task.cmake.build:Building CMake package in '/home/baopham/ros2_ws/src/mec_mobile/mec_mobile_navigation'
[0.166s] INFO:colcon.colcon_core.shell:Skip shell extension 'powershell' for command environment: Not usable outside of PowerShell
[0.166s] DEBUG:colcon.colcon_core.shell:Skip shell extension 'dsv' for command environment
[0.171s] DEBUG:colcon.colcon_core.event_handler.log_command:Invoking command in '/home/baopham/ros2_ws/src/mec_mobile/build/mec_mobile_description': CMAKE_PREFIX_PATH=${CMAKE_PREFIX_PATH}:/opt/ros/jazzy DEBUGINFOD_URLS=https://debuginfod.ubuntu.com /usr/bin/cmake /home/baopham/ros2_ws/src/mec_mobile/mec_mobile_description -DCMAKE_INSTALL_PREFIX=/home/baopham/ros2_ws/src/mec_mobile/install/mec_mobile_description
[0.172s] DEBUG:colcon.colcon_core.event_handler.log_command:Invoking command in '/home/baopham/ros2_ws/src/mec_mobile/build/mec_mobile_gazebo': CMAKE_PREFIX_PATH=${CMAKE_PREFIX_PATH}:/opt/ros/jazzy DEBUGINFOD_URLS=https://debuginfod.ubuntu.com /usr/bin/cmake /home/baopham/ros2_ws/src/mec_mobile/mec_mobile_gazebo -DCMAKE_INSTALL_PREFIX=/home/baopham/ros2_ws/src/mec_mobile/install/mec_mobile_gazebo
[0.174s] DEBUG:colcon.colcon_core.event_handler.log_command:Invoking command in '/home/baopham/ros2_ws/src/mec_mobile/build/mec_mobile_navigation': CMAKE_PREFIX_PATH=${CMAKE_PREFIX_PATH}:/opt/ros/jazzy DEBUGINFOD_URLS=https://debuginfod.ubuntu.com /usr/bin/cmake /home/baopham/ros2_ws/src/mec_mobile/mec_mobile_navigation -DCMAKE_INSTALL_PREFIX=/home/baopham/ros2_ws/src/mec_mobile/install/mec_mobile_navigation
[0.712s] DEBUG:colcon.colcon_core.event_handler.log_command:Invoked command in '/home/baopham/ros2_ws/src/mec_mobile/build/mec_mobile_navigation' returned '0': CMAKE_PREFIX_PATH=${CMAKE_PREFIX_PATH}:/opt/ros/jazzy DEBUGINFOD_URLS=https://debuginfod.ubuntu.com /usr/bin/cmake /home/baopham/ros2_ws/src/mec_mobile/mec_mobile_navigation -DCMAKE_INSTALL_PREFIX=/home/baopham/ros2_ws/src/mec_mobile/install/mec_mobile_navigation
[0.713s] DEBUG:colcon.colcon_core.event_handler.log_command:Invoking command in '/home/baopham/ros2_ws/src/mec_mobile/build/mec_mobile_navigation': CMAKE_PREFIX_PATH=${CMAKE_PREFIX_PATH}:/opt/ros/jazzy DEBUGINFOD_URLS=https://debuginfod.ubuntu.com /usr/bin/cmake --build /home/baopham/ros2_ws/src/mec_mobile/build/mec_mobile_navigation -- -j16 -l16
[0.713s] DEBUG:colcon.colcon_core.event_handler.log_command:Invoked command in '/home/baopham/ros2_ws/src/mec_mobile/build/mec_mobile_description' returned '0': CMAKE_PREFIX_PATH=${CMAKE_PREFIX_PATH}:/opt/ros/jazzy DEBUGINFOD_URLS=https://debuginfod.ubuntu.com /usr/bin/cmake /home/baopham/ros2_ws/src/mec_mobile/mec_mobile_description -DCMAKE_INSTALL_PREFIX=/home/baopham/ros2_ws/src/mec_mobile/install/mec_mobile_description
[0.713s] DEBUG:colcon.colcon_core.event_handler.log_command:Invoking command in '/home/baopham/ros2_ws/src/mec_mobile/build/mec_mobile_description': CMAKE_PREFIX_PATH=${CMAKE_PREFIX_PATH}:/opt/ros/jazzy DEBUGINFOD_URLS=https://debuginfod.ubuntu.com /usr/bin/cmake --build /home/baopham/ros2_ws/src/mec_mobile/build/mec_mobile_description -- -j16 -l16
[0.739s] DEBUG:colcon.colcon_core.event_handler.log_command:Invoked command in '/home/baopham/ros2_ws/src/mec_mobile/build/mec_mobile_navigation' returned '0': CMAKE_PREFIX_PATH=${CMAKE_PREFIX_PATH}:/opt/ros/jazzy DEBUGINFOD_URLS=https://debuginfod.ubuntu.com /usr/bin/cmake --build /home/baopham/ros2_ws/src/mec_mobile/build/mec_mobile_navigation -- -j16 -l16
[0.745s] DEBUG:colcon.colcon_core.event_handler.log_command:Invoking command in '/home/baopham/ros2_ws/src/mec_mobile/build/mec_mobile_navigation': CMAKE_PREFIX_PATH=${CMAKE_PREFIX_PATH}:/opt/ros/jazzy DEBUGINFOD_URLS=https://debuginfod.ubuntu.com /usr/bin/cmake --install /home/baopham/ros2_ws/src/mec_mobile/build/mec_mobile_navigation
[0.746s] DEBUG:colcon.colcon_core.event_handler.log_command:Invoked command in '/home/baopham/ros2_ws/src/mec_mobile/build/mec_mobile_description' returned '0': CMAKE_PREFIX_PATH=${CMAKE_PREFIX_PATH}:/opt/ros/jazzy DEBUGINFOD_URLS=https://debuginfod.ubuntu.com /usr/bin/cmake --build /home/baopham/ros2_ws/src/mec_mobile/build/mec_mobile_description -- -j16 -l16
[0.747s] DEBUG:colcon.colcon_core.event_handler.log_command:Invoking command in '/home/baopham/ros2_ws/src/mec_mobile/build/mec_mobile_description': CMAKE_PREFIX_PATH=${CMAKE_PREFIX_PATH}:/opt/ros/jazzy DEBUGINFOD_URLS=https://debuginfod.ubuntu.com /usr/bin/cmake --install /home/baopham/ros2_ws/src/mec_mobile/build/mec_mobile_description
[0.752s] Level 1:colcon.colcon_core.environment:create_environment_scripts_only(mec_mobile_navigation)
[0.753s] DEBUG:colcon.colcon_core.event_handler.log_command:Invoked command in '/home/baopham/ros2_ws/src/mec_mobile/build/mec_mobile_navigation' returned '0': CMAKE_PREFIX_PATH=${CMAKE_PREFIX_PATH}:/opt/ros/jazzy DEBUGINFOD_URLS=https://debuginfod.ubuntu.com /usr/bin/cmake --install /home/baopham/ros2_ws/src/mec_mobile/build/mec_mobile_navigation
[0.755s] Level 1:colcon.colcon_core.environment:checking '/home/baopham/ros2_ws/src/mec_mobile/install/mec_mobile_navigation' for CMake module files
[0.756s] Level 1:colcon.colcon_core.environment:checking '/home/baopham/ros2_ws/src/mec_mobile/install/mec_mobile_navigation' for CMake config files
[0.756s] Level 1:colcon.colcon_core.shell:create_environment_hook('mec_mobile_navigation', 'cmake_prefix_path')
[0.756s] INFO:colcon.colcon_core.shell:Creating environment hook '/home/baopham/ros2_ws/src/mec_mobile/install/mec_mobile_navigation/share/mec_mobile_navigation/hook/cmake_prefix_path.ps1'
[0.757s] INFO:colcon.colcon_core.shell:Creating environment descriptor '/home/baopham/ros2_ws/src/mec_mobile/install/mec_mobile_navigation/share/mec_mobile_navigation/hook/cmake_prefix_path.dsv'
[0.757s] INFO:colcon.colcon_core.shell:Creating environment hook '/home/baopham/ros2_ws/src/mec_mobile/install/mec_mobile_navigation/share/mec_mobile_navigation/hook/cmake_prefix_path.sh'
[0.758s] Level 1:colcon.colcon_core.environment:checking '/home/baopham/ros2_ws/src/mec_mobile/install/mec_mobile_navigation/bin'
[0.758s] Level 1:colcon.colcon_core.environment:checking '/home/baopham/ros2_ws/src/mec_mobile/install/mec_mobile_navigation/lib/pkgconfig/mec_mobile_navigation.pc'
[0.758s] Level 1:colcon.colcon_core.environment:checking '/home/baopham/ros2_ws/src/mec_mobile/install/mec_mobile_navigation/lib/python3.12/site-packages'
[0.758s] Level 1:colcon.colcon_core.environment:checking '/home/baopham/ros2_ws/src/mec_mobile/install/mec_mobile_navigation/bin'
[0.759s] INFO:colcon.colcon_core.shell:Creating package script '/home/baopham/ros2_ws/src/mec_mobile/install/mec_mobile_navigation/share/mec_mobile_navigation/package.ps1'
[0.759s] INFO:colcon.colcon_core.shell:Creating package descriptor '/home/baopham/ros2_ws/src/mec_mobile/install/mec_mobile_navigation/share/mec_mobile_navigation/package.dsv'
[0.760s] INFO:colcon.colcon_core.shell:Creating package script '/home/baopham/ros2_ws/src/mec_mobile/install/mec_mobile_navigation/share/mec_mobile_navigation/package.sh'
[0.761s] INFO:colcon.colcon_core.shell:Creating package script '/home/baopham/ros2_ws/src/mec_mobile/install/mec_mobile_navigation/share/mec_mobile_navigation/package.bash'
[0.761s] INFO:colcon.colcon_core.shell:Creating package script '/home/baopham/ros2_ws/src/mec_mobile/install/mec_mobile_navigation/share/mec_mobile_navigation/package.zsh'
[0.762s] Level 1:colcon.colcon_core.environment:create_file_with_runtime_dependencies(/home/baopham/ros2_ws/src/mec_mobile/install/mec_mobile_navigation/share/colcon-core/packages/mec_mobile_navigation)
[0.762s] Level 1:colcon.colcon_core.environment:create_environment_scripts_only(mec_mobile_navigation)
[0.763s] Level 1:colcon.colcon_core.environment:checking '/home/baopham/ros2_ws/src/mec_mobile/install/mec_mobile_navigation' for CMake module files
[0.763s] Level 1:colcon.colcon_core.environment:checking '/home/baopham/ros2_ws/src/mec_mobile/install/mec_mobile_navigation' for CMake config files
[0.763s] Level 1:colcon.colcon_core.shell:create_environment_hook('mec_mobile_navigation', 'cmake_prefix_path')
[0.763s] INFO:colcon.colcon_core.shell:Creating environment hook '/home/baopham/ros2_ws/src/mec_mobile/install/mec_mobile_navigation/share/mec_mobile_navigation/hook/cmake_prefix_path.ps1'
[0.764s] INFO:colcon.colcon_core.shell:Creating environment descriptor '/home/baopham/ros2_ws/src/mec_mobile/install/mec_mobile_navigation/share/mec_mobile_navigation/hook/cmake_prefix_path.dsv'
[0.764s] INFO:colcon.colcon_core.shell:Creating environment hook '/home/baopham/ros2_ws/src/mec_mobile/install/mec_mobile_navigation/share/mec_mobile_navigation/hook/cmake_prefix_path.sh'
[0.765s] Level 1:colcon.colcon_core.environment:checking '/home/baopham/ros2_ws/src/mec_mobile/install/mec_mobile_navigation/bin'
[0.765s] Level 1:colcon.colcon_core.environment:checking '/home/baopham/ros2_ws/src/mec_mobile/install/mec_mobile_navigation/lib/pkgconfig/mec_mobile_navigation.pc'
[0.765s] Level 1:colcon.colcon_core.environment:checking '/home/baopham/ros2_ws/src/mec_mobile/install/mec_mobile_navigation/lib/python3.12/site-packages'
[0.765s] Level 1:colcon.colcon_core.environment:checking '/home/baopham/ros2_ws/src/mec_mobile/install/mec_mobile_navigation/bin'
[0.765s] INFO:colcon.colcon_core.shell:Creating package script '/home/baopham/ros2_ws/src/mec_mobile/install/mec_mobile_navigation/share/mec_mobile_navigation/package.ps1'
[0.766s] INFO:colcon.colcon_core.shell:Creating package descriptor '/home/baopham/ros2_ws/src/mec_mobile/install/mec_mobile_navigation/share/mec_mobile_navigation/package.dsv'
[0.766s] INFO:colcon.colcon_core.shell:Creating package script '/home/baopham/ros2_ws/src/mec_mobile/install/mec_mobile_navigation/share/mec_mobile_navigation/package.sh'
[0.766s] INFO:colcon.colcon_core.shell:Creating package script '/home/baopham/ros2_ws/src/mec_mobile/install/mec_mobile_navigation/share/mec_mobile_navigation/package.bash'
[0.768s] INFO:colcon.colcon_core.shell:Creating package script '/home/baopham/ros2_ws/src/mec_mobile/install/mec_mobile_navigation/share/mec_mobile_navigation/package.zsh'
[0.769s] Level 1:colcon.colcon_core.environment:create_file_with_runtime_dependencies(/home/baopham/ros2_ws/src/mec_mobile/install/mec_mobile_navigation/share/colcon-core/packages/mec_mobile_navigation)
[0.770s] Level 1:colcon.colcon_core.environment:create_environment_scripts_only(mec_mobile_description)
[0.770s] Level 1:colcon.colcon_core.environment:checking '/home/baopham/ros2_ws/src/mec_mobile/install/mec_mobile_description' for CMake module files
[0.770s] DEBUG:colcon.colcon_core.event_handler.log_command:Invoked command in '/home/baopham/ros2_ws/src/mec_mobile/build/mec_mobile_description' returned '0': CMAKE_PREFIX_PATH=${CMAKE_PREFIX_PATH}:/opt/ros/jazzy DEBUGINFOD_URLS=https://debuginfod.ubuntu.com /usr/bin/cmake --install /home/baopham/ros2_ws/src/mec_mobile/build/mec_mobile_description
[0.770s] Level 1:colcon.colcon_core.environment:checking '/home/baopham/ros2_ws/src/mec_mobile/install/mec_mobile_description' for CMake config files
[0.771s] Level 1:colcon.colcon_core.shell:create_environment_hook('mec_mobile_description', 'cmake_prefix_path')
[0.771s] INFO:colcon.colcon_core.shell:Creating environment hook '/home/baopham/ros2_ws/src/mec_mobile/install/mec_mobile_description/share/mec_mobile_description/hook/cmake_prefix_path.ps1'
[0.771s] INFO:colcon.colcon_core.shell:Creating environment descriptor '/home/baopham/ros2_ws/src/mec_mobile/install/mec_mobile_description/share/mec_mobile_description/hook/cmake_prefix_path.dsv'
[0.771s] INFO:colcon.colcon_core.shell:Creating environment hook '/home/baopham/ros2_ws/src/mec_mobile/install/mec_mobile_description/share/mec_mobile_description/hook/cmake_prefix_path.sh'
[0.771s] Level 1:colcon.colcon_core.environment:checking '/home/baopham/ros2_ws/src/mec_mobile/install/mec_mobile_description/bin'
[0.771s] Level 1:colcon.colcon_core.environment:checking '/home/baopham/ros2_ws/src/mec_mobile/install/mec_mobile_description/lib/pkgconfig/mec_mobile_description.pc'
[0.772s] Level 1:colcon.colcon_core.environment:checking '/home/baopham/ros2_ws/src/mec_mobile/install/mec_mobile_description/lib/python3.12/site-packages'
[0.772s] Level 1:colcon.colcon_core.environment:checking '/home/baopham/ros2_ws/src/mec_mobile/install/mec_mobile_description/bin'
[0.772s] INFO:colcon.colcon_core.shell:Creating package script '/home/baopham/ros2_ws/src/mec_mobile/install/mec_mobile_description/share/mec_mobile_description/package.ps1'
[0.772s] INFO:colcon.colcon_core.shell:Creating package descriptor '/home/baopham/ros2_ws/src/mec_mobile/install/mec_mobile_description/share/mec_mobile_description/package.dsv'
[0.772s] INFO:colcon.colcon_core.shell:Creating package script '/home/baopham/ros2_ws/src/mec_mobile/install/mec_mobile_description/share/mec_mobile_description/package.sh'
[0.773s] INFO:colcon.colcon_core.shell:Creating package script '/home/baopham/ros2_ws/src/mec_mobile/install/mec_mobile_description/share/mec_mobile_description/package.bash'
[0.773s] INFO:colcon.colcon_core.shell:Creating package script '/home/baopham/ros2_ws/src/mec_mobile/install/mec_mobile_description/share/mec_mobile_description/package.zsh'
[0.773s] Level 1:colcon.colcon_core.environment:create_file_with_runtime_dependencies(/home/baopham/ros2_ws/src/mec_mobile/install/mec_mobile_description/share/colcon-core/packages/mec_mobile_description)
[0.773s] Level 1:colcon.colcon_core.environment:create_environment_scripts_only(mec_mobile_description)
[0.774s] Level 1:colcon.colcon_core.environment:checking '/home/baopham/ros2_ws/src/mec_mobile/install/mec_mobile_description' for CMake module files
[0.774s] Level 1:colcon.colcon_core.environment:checking '/home/baopham/ros2_ws/src/mec_mobile/install/mec_mobile_description' for CMake config files
[0.774s] Level 1:colcon.colcon_core.shell:create_environment_hook('mec_mobile_description', 'cmake_prefix_path')
[0.774s] INFO:colcon.colcon_core.shell:Creating environment hook '/home/baopham/ros2_ws/src/mec_mobile/install/mec_mobile_description/share/mec_mobile_description/hook/cmake_prefix_path.ps1'
[0.774s] INFO:colcon.colcon_core.shell:Creating environment descriptor '/home/baopham/ros2_ws/src/mec_mobile/install/mec_mobile_description/share/mec_mobile_description/hook/cmake_prefix_path.dsv'
[0.775s] INFO:colcon.colcon_core.shell:Creating environment hook '/home/baopham/ros2_ws/src/mec_mobile/install/mec_mobile_description/share/mec_mobile_description/hook/cmake_prefix_path.sh'
[0.775s] Level 1:colcon.colcon_core.environment:checking '/home/baopham/ros2_ws/src/mec_mobile/install/mec_mobile_description/bin'
[0.775s] Level 1:colcon.colcon_core.environment:checking '/home/baopham/ros2_ws/src/mec_mobile/install/mec_mobile_description/lib/pkgconfig/mec_mobile_description.pc'
[0.775s] Level 1:colcon.colcon_core.environment:checking '/home/baopham/ros2_ws/src/mec_mobile/install/mec_mobile_description/lib/python3.12/site-packages'
[0.775s] Level 1:colcon.colcon_core.environment:checking '/home/baopham/ros2_ws/src/mec_mobile/install/mec_mobile_description/bin'
[0.775s] INFO:colcon.colcon_core.shell:Creating package script '/home/baopham/ros2_ws/src/mec_mobile/install/mec_mobile_description/share/mec_mobile_description/package.ps1'
[0.776s] INFO:colcon.colcon_core.shell:Creating package descriptor '/home/baopham/ros2_ws/src/mec_mobile/install/mec_mobile_description/share/mec_mobile_description/package.dsv'
[0.776s] INFO:colcon.colcon_core.shell:Creating package script '/home/baopham/ros2_ws/src/mec_mobile/install/mec_mobile_description/share/mec_mobile_description/package.sh'
[0.776s] INFO:colcon.colcon_core.shell:Creating package script '/home/baopham/ros2_ws/src/mec_mobile/install/mec_mobile_description/share/mec_mobile_description/package.bash'
[0.776s] INFO:colcon.colcon_core.shell:Creating package script '/home/baopham/ros2_ws/src/mec_mobile/install/mec_mobile_description/share/mec_mobile_description/package.zsh'
[0.777s] Level 1:colcon.colcon_core.environment:create_file_with_runtime_dependencies(/home/baopham/ros2_ws/src/mec_mobile/install/mec_mobile_description/share/colcon-core/packages/mec_mobile_description)
[0.777s] INFO:colcon.colcon_ros.task.ament_cmake.build:Building ROS package in '/home/baopham/ros2_ws/src/mec_mobile/mec_mobile' with build type 'ament_cmake'
[0.777s] INFO:colcon.colcon_cmake.task.cmake.build:Building CMake package in '/home/baopham/ros2_ws/src/mec_mobile/mec_mobile'
[0.777s] INFO:colcon.colcon_core.shell:Skip shell extension 'powershell' for command environment: Not usable outside of PowerShell
[0.777s] DEBUG:colcon.colcon_core.shell:Skip shell extension 'dsv' for command environment
[0.783s] DEBUG:colcon.colcon_core.event_handler.log_command:Invoking command in '/home/baopham/ros2_ws/src/mec_mobile/build/mec_mobile': AMENT_PREFIX_PATH=/home/baopham/ros2_ws/src/mec_mobile/install/mec_mobile_description:${AMENT_PREFIX_PATH} CMAKE_PREFIX_PATH=/home/baopham/ros2_ws/src/mec_mobile/install/mec_mobile_description:/home/baopham/ros2_ws/install/mec_mobile_navigation:/home/baopham/ros2_ws/install/mec_mobile_gazebo:/home/baopham/ros2_ws/install/mec_mobile_description:/home/baopham/ros2_ws/install/mec_mobile:/opt/ros/jazzy/opt/gz_sim_vendor:/opt/ros/jazzy/opt/gz_sensors_vendor:/opt/ros/jazzy/opt/gz_physics_vendor:/opt/ros/jazzy/opt/sdformat_vendor:/opt/ros/jazzy/opt/gz_gui_vendor:/opt/ros/jazzy/opt/gz_transport_vendor:/opt/ros/jazzy/opt/gz_rendering_vendor:/opt/ros/jazzy/opt/gz_plugin_vendor:/opt/ros/jazzy/opt/gz_fuel_tools_vendor:/opt/ros/jazzy/opt/gz_msgs_vendor:/opt/ros/jazzy/opt/gz_common_vendor:/opt/ros/jazzy/opt/gz_math_vendor:/opt/ros/jazzy/opt/gz_utils_vendor:/opt/ros/jazzy/opt/gz_tools_vendor:/opt/ros/jazzy/opt/gz_ogre_next_vendor:/opt/ros/jazzy/opt/gz_dartsim_vendor:/opt/ros/jazzy/opt/gz_cmake_vendor:/opt/ros/jazzy DEBUGINFOD_URLS=https://debuginfod.ubuntu.com /usr/bin/cmake /home/baopham/ros2_ws/src/mec_mobile/mec_mobile -DCMAKE_INSTALL_PREFIX=/home/baopham/ros2_ws/src/mec_mobile/install/mec_mobile
[1.143s] DEBUG:colcon.colcon_core.event_handler.log_command:Invoked command in '/home/baopham/ros2_ws/src/mec_mobile/build/mec_mobile_gazebo' returned '0': CMAKE_PREFIX_PATH=${CMAKE_PREFIX_PATH}:/opt/ros/jazzy DEBUGINFOD_URLS=https://debuginfod.ubuntu.com /usr/bin/cmake /home/baopham/ros2_ws/src/mec_mobile/mec_mobile_gazebo -DCMAKE_INSTALL_PREFIX=/home/baopham/ros2_ws/src/mec_mobile/install/mec_mobile_gazebo
[1.144s] DEBUG:colcon.colcon_core.event_handler.log_command:Invoking command in '/home/baopham/ros2_ws/src/mec_mobile/build/mec_mobile_gazebo': CMAKE_PREFIX_PATH=${CMAKE_PREFIX_PATH}:/opt/ros/jazzy DEBUGINFOD_URLS=https://debuginfod.ubuntu.com /usr/bin/cmake --build /home/baopham/ros2_ws/src/mec_mobile/build/mec_mobile_gazebo -- -j16 -l16
[1.172s] DEBUG:colcon.colcon_core.event_handler.log_command:Invoked command in '/home/baopham/ros2_ws/src/mec_mobile/build/mec_mobile_gazebo' returned '0': CMAKE_PREFIX_PATH=${CMAKE_PREFIX_PATH}:/opt/ros/jazzy DEBUGINFOD_URLS=https://debuginfod.ubuntu.com /usr/bin/cmake --build /home/baopham/ros2_ws/src/mec_mobile/build/mec_mobile_gazebo -- -j16 -l16
[1.173s] DEBUG:colcon.colcon_core.event_handler.log_command:Invoking command in '/home/baopham/ros2_ws/src/mec_mobile/build/mec_mobile_gazebo': CMAKE_PREFIX_PATH=${CMAKE_PREFIX_PATH}:/opt/ros/jazzy DEBUGINFOD_URLS=https://debuginfod.ubuntu.com /usr/bin/cmake --install /home/baopham/ros2_ws/src/mec_mobile/build/mec_mobile_gazebo
[1.180s] Level 1:colcon.colcon_core.environment:create_environment_scripts_only(mec_mobile_gazebo)
[1.180s] DEBUG:colcon.colcon_core.event_handler.log_command:Invoked command in '/home/baopham/ros2_ws/src/mec_mobile/build/mec_mobile_gazebo' returned '0': CMAKE_PREFIX_PATH=${CMAKE_PREFIX_PATH}:/opt/ros/jazzy DEBUGINFOD_URLS=https://debuginfod.ubuntu.com /usr/bin/cmake --install /home/baopham/ros2_ws/src/mec_mobile/build/mec_mobile_gazebo
[1.180s] Level 1:colcon.colcon_core.environment:checking '/home/baopham/ros2_ws/src/mec_mobile/install/mec_mobile_gazebo' for CMake module files
[1.181s] Level 1:colcon.colcon_core.environment:checking '/home/baopham/ros2_ws/src/mec_mobile/install/mec_mobile_gazebo' for CMake config files
[1.181s] Level 1:colcon.colcon_core.shell:create_environment_hook('mec_mobile_gazebo', 'cmake_prefix_path')
[1.181s] INFO:colcon.colcon_core.shell:Creating environment hook '/home/baopham/ros2_ws/src/mec_mobile/install/mec_mobile_gazebo/share/mec_mobile_gazebo/hook/cmake_prefix_path.ps1'
[1.181s] INFO:colcon.colcon_core.shell:Creating environment descriptor '/home/baopham/ros2_ws/src/mec_mobile/install/mec_mobile_gazebo/share/mec_mobile_gazebo/hook/cmake_prefix_path.dsv'
[1.181s] INFO:colcon.colcon_core.shell:Creating environment hook '/home/baopham/ros2_ws/src/mec_mobile/install/mec_mobile_gazebo/share/mec_mobile_gazebo/hook/cmake_prefix_path.sh'
[1.182s] Level 1:colcon.colcon_core.environment:checking '/home/baopham/ros2_ws/src/mec_mobile/install/mec_mobile_gazebo/bin'
[1.182s] Level 1:colcon.colcon_core.environment:checking '/home/baopham/ros2_ws/src/mec_mobile/install/mec_mobile_gazebo/lib/pkgconfig/mec_mobile_gazebo.pc'
[1.182s] Level 1:colcon.colcon_core.environment:checking '/home/baopham/ros2_ws/src/mec_mobile/install/mec_mobile_gazebo/lib/python3.12/site-packages'
[1.182s] Level 1:colcon.colcon_core.environment:checking '/home/baopham/ros2_ws/src/mec_mobile/install/mec_mobile_gazebo/bin'
[1.182s] INFO:colcon.colcon_core.shell:Creating package script '/home/baopham/ros2_ws/src/mec_mobile/install/mec_mobile_gazebo/share/mec_mobile_gazebo/package.ps1'
[1.182s] INFO:colcon.colcon_core.shell:Creating package descriptor '/home/baopham/ros2_ws/src/mec_mobile/install/mec_mobile_gazebo/share/mec_mobile_gazebo/package.dsv'
[1.182s] INFO:colcon.colcon_core.shell:Creating package script '/home/baopham/ros2_ws/src/mec_mobile/install/mec_mobile_gazebo/share/mec_mobile_gazebo/package.sh'
[1.183s] INFO:colcon.colcon_core.shell:Creating package script '/home/baopham/ros2_ws/src/mec_mobile/install/mec_mobile_gazebo/share/mec_mobile_gazebo/package.bash'
[1.183s] INFO:colcon.colcon_core.shell:Creating package script '/home/baopham/ros2_ws/src/mec_mobile/install/mec_mobile_gazebo/share/mec_mobile_gazebo/package.zsh'
[1.183s] Level 1:colcon.colcon_core.environment:create_file_with_runtime_dependencies(/home/baopham/ros2_ws/src/mec_mobile/install/mec_mobile_gazebo/share/colcon-core/packages/mec_mobile_gazebo)
[1.183s] Level 1:colcon.colcon_core.environment:create_environment_scripts_only(mec_mobile_gazebo)
[1.183s] Level 1:colcon.colcon_core.environment:checking '/home/baopham/ros2_ws/src/mec_mobile/install/mec_mobile_gazebo' for CMake module files
[1.184s] Level 1:colcon.colcon_core.environment:checking '/home/baopham/ros2_ws/src/mec_mobile/install/mec_mobile_gazebo' for CMake config files
[1.184s] Level 1:colcon.colcon_core.shell:create_environment_hook('mec_mobile_gazebo', 'cmake_prefix_path')
[1.184s] INFO:colcon.colcon_core.shell:Creating environment hook '/home/baopham/ros2_ws/src/mec_mobile/install/mec_mobile_gazebo/share/mec_mobile_gazebo/hook/cmake_prefix_path.ps1'
[1.184s] INFO:colcon.colcon_core.shell:Creating environment descriptor '/home/baopham/ros2_ws/src/mec_mobile/install/mec_mobile_gazebo/share/mec_mobile_gazebo/hook/cmake_prefix_path.dsv'
[1.184s] INFO:colcon.colcon_core.shell:Creating environment hook '/home/baopham/ros2_ws/src/mec_mobile/install/mec_mobile_gazebo/share/mec_mobile_gazebo/hook/cmake_prefix_path.sh'
[1.185s] Level 1:colcon.colcon_core.environment:checking '/home/baopham/ros2_ws/src/mec_mobile/install/mec_mobile_gazebo/bin'
[1.185s] Level 1:colcon.colcon_core.environment:checking '/home/baopham/ros2_ws/src/mec_mobile/install/mec_mobile_gazebo/lib/pkgconfig/mec_mobile_gazebo.pc'
[1.185s] Level 1:colcon.colcon_core.environment:checking '/home/baopham/ros2_ws/src/mec_mobile/install/mec_mobile_gazebo/lib/python3.12/site-packages'
[1.185s] Level 1:colcon.colcon_core.environment:checking '/home/baopham/ros2_ws/src/mec_mobile/install/mec_mobile_gazebo/bin'
[1.185s] INFO:colcon.colcon_core.shell:Creating package script '/home/baopham/ros2_ws/src/mec_mobile/install/mec_mobile_gazebo/share/mec_mobile_gazebo/package.ps1'
[1.185s] INFO:colcon.colcon_core.shell:Creating package descriptor '/home/baopham/ros2_ws/src/mec_mobile/install/mec_mobile_gazebo/share/mec_mobile_gazebo/package.dsv'
[1.186s] INFO:colcon.colcon_core.shell:Creating package script '/home/baopham/ros2_ws/src/mec_mobile/install/mec_mobile_gazebo/share/mec_mobile_gazebo/package.sh'
[1.186s] INFO:colcon.colcon_core.shell:Creating package script '/home/baopham/ros2_ws/src/mec_mobile/install/mec_mobile_gazebo/share/mec_mobile_gazebo/package.bash'
[1.186s] INFO:colcon.colcon_core.shell:Creating package script '/home/baopham/ros2_ws/src/mec_mobile/install/mec_mobile_gazebo/share/mec_mobile_gazebo/package.zsh'
[1.186s] Level 1:colcon.colcon_core.environment:create_file_with_runtime_dependencies(/home/baopham/ros2_ws/src/mec_mobile/install/mec_mobile_gazebo/share/colcon-core/packages/mec_mobile_gazebo)
[1.276s] DEBUG:colcon.colcon_core.event_handler.log_command:Invoked command in '/home/baopham/ros2_ws/src/mec_mobile/build/mec_mobile' returned '0': AMENT_PREFIX_PATH=/home/baopham/ros2_ws/src/mec_mobile/install/mec_mobile_description:${AMENT_PREFIX_PATH} CMAKE_PREFIX_PATH=/home/baopham/ros2_ws/src/mec_mobile/install/mec_mobile_description:/home/baopham/ros2_ws/install/mec_mobile_navigation:/home/baopham/ros2_ws/install/mec_mobile_gazebo:/home/baopham/ros2_ws/install/mec_mobile_description:/home/baopham/ros2_ws/install/mec_mobile:/opt/ros/jazzy/opt/gz_sim_vendor:/opt/ros/jazzy/opt/gz_sensors_vendor:/opt/ros/jazzy/opt/gz_physics_vendor:/opt/ros/jazzy/opt/sdformat_vendor:/opt/ros/jazzy/opt/gz_gui_vendor:/opt/ros/jazzy/opt/gz_transport_vendor:/opt/ros/jazzy/opt/gz_rendering_vendor:/opt/ros/jazzy/opt/gz_plugin_vendor:/opt/ros/jazzy/opt/gz_fuel_tools_vendor:/opt/ros/jazzy/opt/gz_msgs_vendor:/opt/ros/jazzy/opt/gz_common_vendor:/opt/ros/jazzy/opt/gz_math_vendor:/opt/ros/jazzy/opt/gz_utils_vendor:/opt/ros/jazzy/opt/gz_tools_vendor:/opt/ros/jazzy/opt/gz_ogre_next_vendor:/opt/ros/jazzy/opt/gz_dartsim_vendor:/opt/ros/jazzy/opt/gz_cmake_vendor:/opt/ros/jazzy DEBUGINFOD_URLS=https://debuginfod.ubuntu.com /usr/bin/cmake /home/baopham/ros2_ws/src/mec_mobile/mec_mobile -DCMAKE_INSTALL_PREFIX=/home/baopham/ros2_ws/src/mec_mobile/install/mec_mobile
[1.277s] DEBUG:colcon.colcon_core.event_handler.log_command:Invoking command in '/home/baopham/ros2_ws/src/mec_mobile/build/mec_mobile': AMENT_PREFIX_PATH=/home/baopham/ros2_ws/src/mec_mobile/install/mec_mobile_description:${AMENT_PREFIX_PATH} CMAKE_PREFIX_PATH=/home/baopham/ros2_ws/src/mec_mobile/install/mec_mobile_description:/home/baopham/ros2_ws/install/mec_mobile_navigation:/home/baopham/ros2_ws/install/mec_mobile_gazebo:/home/baopham/ros2_ws/install/mec_mobile_description:/home/baopham/ros2_ws/install/mec_mobile:/opt/ros/jazzy/opt/gz_sim_vendor:/opt/ros/jazzy/opt/gz_sensors_vendor:/opt/ros/jazzy/opt/gz_physics_vendor:/opt/ros/jazzy/opt/sdformat_vendor:/opt/ros/jazzy/opt/gz_gui_vendor:/opt/ros/jazzy/opt/gz_transport_vendor:/opt/ros/jazzy/opt/gz_rendering_vendor:/opt/ros/jazzy/opt/gz_plugin_vendor:/opt/ros/jazzy/opt/gz_fuel_tools_vendor:/opt/ros/jazzy/opt/gz_msgs_vendor:/opt/ros/jazzy/opt/gz_common_vendor:/opt/ros/jazzy/opt/gz_math_vendor:/opt/ros/jazzy/opt/gz_utils_vendor:/opt/ros/jazzy/opt/gz_tools_vendor:/opt/ros/jazzy/opt/gz_ogre_next_vendor:/opt/ros/jazzy/opt/gz_dartsim_vendor:/opt/ros/jazzy/opt/gz_cmake_vendor:/opt/ros/jazzy DEBUGINFOD_URLS=https://debuginfod.ubuntu.com /usr/bin/cmake --build /home/baopham/ros2_ws/src/mec_mobile/build/mec_mobile -- -j16 -l16
[1.310s] DEBUG:colcon.colcon_core.event_handler.log_command:Invoked command in '/home/baopham/ros2_ws/src/mec_mobile/build/mec_mobile' returned '0': AMENT_PREFIX_PATH=/home/baopham/ros2_ws/src/mec_mobile/install/mec_mobile_description:${AMENT_PREFIX_PATH} CMAKE_PREFIX_PATH=/home/baopham/ros2_ws/src/mec_mobile/install/mec_mobile_description:/home/baopham/ros2_ws/install/mec_mobile_navigation:/home/baopham/ros2_ws/install/mec_mobile_gazebo:/home/baopham/ros2_ws/install/mec_mobile_description:/home/baopham/ros2_ws/install/mec_mobile:/opt/ros/jazzy/opt/gz_sim_vendor:/opt/ros/jazzy/opt/gz_sensors_vendor:/opt/ros/jazzy/opt/gz_physics_vendor:/opt/ros/jazzy/opt/sdformat_vendor:/opt/ros/jazzy/opt/gz_gui_vendor:/opt/ros/jazzy/opt/gz_transport_vendor:/opt/ros/jazzy/opt/gz_rendering_vendor:/opt/ros/jazzy/opt/gz_plugin_vendor:/opt/ros/jazzy/opt/gz_fuel_tools_vendor:/opt/ros/jazzy/opt/gz_msgs_vendor:/opt/ros/jazzy/opt/gz_common_vendor:/opt/ros/jazzy/opt/gz_math_vendor:/opt/ros/jazzy/opt/gz_utils_vendor:/opt/ros/jazzy/opt/gz_tools_vendor:/opt/ros/jazzy/opt/gz_ogre_next_vendor:/opt/ros/jazzy/opt/gz_dartsim_vendor:/opt/ros/jazzy/opt/gz_cmake_vendor:/opt/ros/jazzy DEBUGINFOD_URLS=https://debuginfod.ubuntu.com /usr/bin/cmake --build /home/baopham/ros2_ws/src/mec_mobile/build/mec_mobile -- -j16 -l16
[1.312s] DEBUG:colcon.colcon_core.event_handler.log_command:Invoking command in '/home/baopham/ros2_ws/src/mec_mobile/build/mec_mobile': AMENT_PREFIX_PATH=/home/baopham/ros2_ws/src/mec_mobile/install/mec_mobile_description:${AMENT_PREFIX_PATH} CMAKE_PREFIX_PATH=/home/baopham/ros2_ws/src/mec_mobile/install/mec_mobile_description:/home/baopham/ros2_ws/install/mec_mobile_navigation:/home/baopham/ros2_ws/install/mec_mobile_gazebo:/home/baopham/ros2_ws/install/mec_mobile_description:/home/baopham/ros2_ws/install/mec_mobile:/opt/ros/jazzy/opt/gz_sim_vendor:/opt/ros/jazzy/opt/gz_sensors_vendor:/opt/ros/jazzy/opt/gz_physics_vendor:/opt/ros/jazzy/opt/sdformat_vendor:/opt/ros/jazzy/opt/gz_gui_vendor:/opt/ros/jazzy/opt/gz_transport_vendor:/opt/ros/jazzy/opt/gz_rendering_vendor:/opt/ros/jazzy/opt/gz_plugin_vendor:/opt/ros/jazzy/opt/gz_fuel_tools_vendor:/opt/ros/jazzy/opt/gz_msgs_vendor:/opt/ros/jazzy/opt/gz_common_vendor:/opt/ros/jazzy/opt/gz_math_vendor:/opt/ros/jazzy/opt/gz_utils_vendor:/opt/ros/jazzy/opt/gz_tools_vendor:/opt/ros/jazzy/opt/gz_ogre_next_vendor:/opt/ros/jazzy/opt/gz_dartsim_vendor:/opt/ros/jazzy/opt/gz_cmake_vendor:/opt/ros/jazzy DEBUGINFOD_URLS=https://debuginfod.ubuntu.com /usr/bin/cmake --install /home/baopham/ros2_ws/src/mec_mobile/build/mec_mobile
[1.324s] Level 1:colcon.colcon_core.environment:create_environment_scripts_only(mec_mobile)
[1.325s] DEBUG:colcon.colcon_core.event_handler.log_command:Invoked command in '/home/baopham/ros2_ws/src/mec_mobile/build/mec_mobile' returned '0': AMENT_PREFIX_PATH=/home/baopham/ros2_ws/src/mec_mobile/install/mec_mobile_description:${AMENT_PREFIX_PATH} CMAKE_PREFIX_PATH=/home/baopham/ros2_ws/src/mec_mobile/install/mec_mobile_description:/home/baopham/ros2_ws/install/mec_mobile_navigation:/home/baopham/ros2_ws/install/mec_mobile_gazebo:/home/baopham/ros2_ws/install/mec_mobile_description:/home/baopham/ros2_ws/install/mec_mobile:/opt/ros/jazzy/opt/gz_sim_vendor:/opt/ros/jazzy/opt/gz_sensors_vendor:/opt/ros/jazzy/opt/gz_physics_vendor:/opt/ros/jazzy/opt/sdformat_vendor:/opt/ros/jazzy/opt/gz_gui_vendor:/opt/ros/jazzy/opt/gz_transport_vendor:/opt/ros/jazzy/opt/gz_rendering_vendor:/opt/ros/jazzy/opt/gz_plugin_vendor:/opt/ros/jazzy/opt/gz_fuel_tools_vendor:/opt/ros/jazzy/opt/gz_msgs_vendor:/opt/ros/jazzy/opt/gz_common_vendor:/opt/ros/jazzy/opt/gz_math_vendor:/opt/ros/jazzy/opt/gz_utils_vendor:/opt/ros/jazzy/opt/gz_tools_vendor:/opt/ros/jazzy/opt/gz_ogre_next_vendor:/opt/ros/jazzy/opt/gz_dartsim_vendor:/opt/ros/jazzy/opt/gz_cmake_vendor:/opt/ros/jazzy DEBUGINFOD_URLS=https://debuginfod.ubuntu.com /usr/bin/cmake --install /home/baopham/ros2_ws/src/mec_mobile/build/mec_mobile
[1.325s] Level 1:colcon.colcon_core.environment:checking '/home/baopham/ros2_ws/src/mec_mobile/install/mec_mobile' for CMake module files
[1.325s] Level 1:colcon.colcon_core.environment:checking '/home/baopham/ros2_ws/src/mec_mobile/install/mec_mobile' for CMake config files
[1.325s] Level 1:colcon.colcon_core.shell:create_environment_hook('mec_mobile', 'cmake_prefix_path')
[1.325s] INFO:colcon.colcon_core.shell:Creating environment hook '/home/baopham/ros2_ws/src/mec_mobile/install/mec_mobile/share/mec_mobile/hook/cmake_prefix_path.ps1'
[1.326s] INFO:colcon.colcon_core.shell:Creating environment descriptor '/home/baopham/ros2_ws/src/mec_mobile/install/mec_mobile/share/mec_mobile/hook/cmake_prefix_path.dsv'
[1.326s] INFO:colcon.colcon_core.shell:Creating environment hook '/home/baopham/ros2_ws/src/mec_mobile/install/mec_mobile/share/mec_mobile/hook/cmake_prefix_path.sh'
[1.326s] Level 1:colcon.colcon_core.environment:checking '/home/baopham/ros2_ws/src/mec_mobile/install/mec_mobile/bin'
[1.326s] Level 1:colcon.colcon_core.environment:checking '/home/baopham/ros2_ws/src/mec_mobile/install/mec_mobile/lib/pkgconfig/mec_mobile.pc'
[1.326s] Level 1:colcon.colcon_core.environment:checking '/home/baopham/ros2_ws/src/mec_mobile/install/mec_mobile/lib/python3.12/site-packages'
[1.326s] Level 1:colcon.colcon_core.environment:checking '/home/baopham/ros2_ws/src/mec_mobile/install/mec_mobile/bin'
[1.327s] INFO:colcon.colcon_core.shell:Creating package script '/home/baopham/ros2_ws/src/mec_mobile/install/mec_mobile/share/mec_mobile/package.ps1'
[1.327s] INFO:colcon.colcon_core.shell:Creating package descriptor '/home/baopham/ros2_ws/src/mec_mobile/install/mec_mobile/share/mec_mobile/package.dsv'
[1.327s] INFO:colcon.colcon_core.shell:Creating package script '/home/baopham/ros2_ws/src/mec_mobile/install/mec_mobile/share/mec_mobile/package.sh'
[1.327s] INFO:colcon.colcon_core.shell:Creating package script '/home/baopham/ros2_ws/src/mec_mobile/install/mec_mobile/share/mec_mobile/package.bash'
[1.327s] INFO:colcon.colcon_core.shell:Creating package script '/home/baopham/ros2_ws/src/mec_mobile/install/mec_mobile/share/mec_mobile/package.zsh'
[1.328s] Level 1:colcon.colcon_core.environment:create_file_with_runtime_dependencies(/home/baopham/ros2_ws/src/mec_mobile/install/mec_mobile/share/colcon-core/packages/mec_mobile)
[1.328s] Level 1:colcon.colcon_core.environment:create_environment_scripts_only(mec_mobile)
[1.328s] Level 1:colcon.colcon_core.environment:checking '/home/baopham/ros2_ws/src/mec_mobile/install/mec_mobile' for CMake module files
[1.328s] Level 1:colcon.colcon_core.environment:checking '/home/baopham/ros2_ws/src/mec_mobile/install/mec_mobile' for CMake config files
[1.328s] Level 1:colcon.colcon_core.shell:create_environment_hook('mec_mobile', 'cmake_prefix_path')
[1.328s] INFO:colcon.colcon_core.shell:Creating environment hook '/home/baopham/ros2_ws/src/mec_mobile/install/mec_mobile/share/mec_mobile/hook/cmake_prefix_path.ps1'
[1.329s] INFO:colcon.colcon_core.shell:Creating environment descriptor '/home/baopham/ros2_ws/src/mec_mobile/install/mec_mobile/share/mec_mobile/hook/cmake_prefix_path.dsv'
[1.329s] INFO:colcon.colcon_core.shell:Creating environment hook '/home/baopham/ros2_ws/src/mec_mobile/install/mec_mobile/share/mec_mobile/hook/cmake_prefix_path.sh'
[1.329s] Level 1:colcon.colcon_core.environment:checking '/home/baopham/ros2_ws/src/mec_mobile/install/mec_mobile/bin'
[1.329s] Level 1:colcon.colcon_core.environment:checking '/home/baopham/ros2_ws/src/mec_mobile/install/mec_mobile/lib/pkgconfig/mec_mobile.pc'
[1.329s] Level 1:colcon.colcon_core.environment:checking '/home/baopham/ros2_ws/src/mec_mobile/install/mec_mobile/lib/python3.12/site-packages'
[1.329s] Level 1:colcon.colcon_core.environment:checking '/home/baopham/ros2_ws/src/mec_mobile/install/mec_mobile/bin'
[1.329s] INFO:colcon.colcon_core.shell:Creating package script '/home/baopham/ros2_ws/src/mec_mobile/install/mec_mobile/share/mec_mobile/package.ps1'
[1.330s] INFO:colcon.colcon_core.shell:Creating package descriptor '/home/baopham/ros2_ws/src/mec_mobile/install/mec_mobile/share/mec_mobile/package.dsv'
[1.330s] INFO:colcon.colcon_core.shell:Creating package script '/home/baopham/ros2_ws/src/mec_mobile/install/mec_mobile/share/mec_mobile/package.sh'
[1.330s] INFO:colcon.colcon_core.shell:Creating package script '/home/baopham/ros2_ws/src/mec_mobile/install/mec_mobile/share/mec_mobile/package.bash'
[1.330s] INFO:colcon.colcon_core.shell:Creating package script '/home/baopham/ros2_ws/src/mec_mobile/install/mec_mobile/share/mec_mobile/package.zsh'
[1.331s] Level 1:colcon.colcon_core.environment:create_file_with_runtime_dependencies(/home/baopham/ros2_ws/src/mec_mobile/install/mec_mobile/share/colcon-core/packages/mec_mobile)
[1.331s] DEBUG:colcon.colcon_parallel_executor.executor.parallel:closing loop
[1.331s] DEBUG:colcon.colcon_parallel_executor.executor.parallel:loop closed
[1.331s] DEBUG:colcon.colcon_parallel_executor.executor.parallel:run_until_complete finished with '0'
[1.331s] DEBUG:colcon.colcon_core.event_reactor:joining thread
[1.335s] INFO:colcon.colcon_core.plugin_system:Skipping extension 'colcon_notification.desktop_notification.terminal_notifier': Not used on non-Darwin systems
[1.335s] INFO:colcon.colcon_core.plugin_system:Skipping extension 'colcon_notification.desktop_notification.win32': Not used on non-Windows systems
[1.335s] INFO:colcon.colcon_notification.desktop_notification:Sending desktop notification using 'notify2'
[1.345s] DEBUG:colcon.colcon_core.event_reactor:joined thread
[1.345s] INFO:colcon.colcon_core.shell:Creating prefix script '/home/baopham/ros2_ws/src/mec_mobile/install/local_setup.ps1'
[1.345s] INFO:colcon.colcon_core.shell:Creating prefix util module '/home/baopham/ros2_ws/src/mec_mobile/install/_local_setup_util_ps1.py'
[1.346s] INFO:colcon.colcon_core.shell:Creating prefix chain script '/home/baopham/ros2_ws/src/mec_mobile/install/setup.ps1'
[1.347s] INFO:colcon.colcon_core.shell:Creating prefix script '/home/baopham/ros2_ws/src/mec_mobile/install/local_setup.sh'
[1.347s] INFO:colcon.colcon_core.shell:Creating prefix util module '/home/baopham/ros2_ws/src/mec_mobile/install/_local_setup_util_sh.py'
[1.347s] INFO:colcon.colcon_core.shell:Creating prefix chain script '/home/baopham/ros2_ws/src/mec_mobile/install/setup.sh'
[1.348s] INFO:colcon.colcon_core.shell:Creating prefix script '/home/baopham/ros2_ws/src/mec_mobile/install/local_setup.bash'
[1.348s] INFO:colcon.colcon_core.shell:Creating prefix chain script '/home/baopham/ros2_ws/src/mec_mobile/install/setup.bash'
[1.349s] INFO:colcon.colcon_core.shell:Creating prefix script '/home/baopham/ros2_ws/src/mec_mobile/install/local_setup.zsh'
[1.350s] INFO:colcon.colcon_core.shell:Creating prefix chain script '/home/baopham/ros2_ws/src/mec_mobile/install/setup.zsh'
