[0.008s] Invoking command in '/home/baopham/ros2_ws/src/mec_mobile/build/mec_mobile_gazebo': CMAKE_PREFIX_PATH=${CMAKE_PREFIX_PATH}:/opt/ros/jazzy DEBUGINFOD_URLS=https://debuginfod.ubuntu.com /usr/bin/cmake /home/baopham/ros2_ws/src/mec_mobile/mec_mobile_gazebo -DCMAKE_INSTALL_PREFIX=/home/baopham/ros2_ws/src/mec_mobile/install/mec_mobile_gazebo
[0.045s] -- The C compiler identification is GNU 13.3.0
[0.086s] -- The CXX compiler identification is GNU 13.3.0
[0.097s] -- Detecting C compiler ABI info
[0.153s] -- Detecting C compiler ABI info - done
[0.165s] -- Check for working C compiler: /usr/bin/cc - skipped
[0.165s] -- Detecting C compile features
[0.166s] -- Detecting C compile features - done
[0.172s] -- Detecting CXX compiler ABI info
[0.237s] -- Detecting CXX compiler ABI info - done
[0.243s] -- Check for working CXX compiler: /usr/bin/c++ - skipped
[0.243s] -- Detecting CXX compile features
[0.244s] -- Detecting CXX compile features - done
[0.247s] -- Found ament_cmake: 2.5.4 (/opt/ros/jazzy/share/ament_cmake/cmake)
[0.351s] -- Found Python3: /usr/bin/python3 (found version "3.12.3") found components: Interpreter 
[0.434s] -- Found ros_gz_sim: 1.0.12 (/opt/ros/jazzy/share/ros_gz_sim/cmake)
[0.473s] -- Found rosidl_generator_c: 4.6.5 (/opt/ros/jazzy/share/rosidl_generator_c/cmake)
[0.487s] -- Found rosidl_generator_cpp: 4.6.5 (/opt/ros/jazzy/share/rosidl_generator_cpp/cmake)
[0.511s] -- Using all available rosidl_typesupport_c: rosidl_typesupport_fastrtps_c;rosidl_typesupport_introspection_c
[0.529s] -- Using all available rosidl_typesupport_cpp: rosidl_typesupport_fastrtps_cpp;rosidl_typesupport_introspection_cpp
[0.603s] -- Found rmw_implementation_cmake: 7.3.2 (/opt/ros/jazzy/share/rmw_implementation_cmake/cmake)
[0.606s] -- Found rmw_fastrtps_cpp: 8.4.2 (/opt/ros/jazzy/share/rmw_fastrtps_cpp/cmake)
[0.667s] -- Found OpenSSL: /usr/lib/x86_64-linux-gnu/libcrypto.so (found version "3.0.13")  
[0.682s] -- Found FastRTPS: /opt/ros/jazzy/include (Required is at least version "2.13") 
[0.698s] -- Using RMW implementation 'rmw_fastrtps_cpp' as default
[0.888s] -- Found ament_lint_auto: 0.17.2 (/opt/ros/jazzy/share/ament_lint_auto/cmake)
[0.963s] -- Added test 'flake8' to check Python code syntax and style conventions
[0.963s] -- Configured 'flake8' exclude dirs and/or files: 
[0.964s] -- Added test 'lint_cmake' to check CMake code style
[0.964s] -- Added test 'pep257' to check Python code against some of the docstring style conventions in PEP 257
[0.965s] -- Added test 'xmllint' to check XML markup files
[0.966s] -- Configuring done (1.0s)
[0.969s] -- Generating done (0.0s)
[0.971s] -- Build files have been written to: /home/baopham/ros2_ws/src/mec_mobile/build/mec_mobile_gazebo
[0.979s] Invoked command in '/home/baopham/ros2_ws/src/mec_mobile/build/mec_mobile_gazebo' returned '0': CMAKE_PREFIX_PATH=${CMAKE_PREFIX_PATH}:/opt/ros/jazzy DEBUGINFOD_URLS=https://debuginfod.ubuntu.com /usr/bin/cmake /home/baopham/ros2_ws/src/mec_mobile/mec_mobile_gazebo -DCMAKE_INSTALL_PREFIX=/home/baopham/ros2_ws/src/mec_mobile/install/mec_mobile_gazebo
[0.980s] Invoking command in '/home/baopham/ros2_ws/src/mec_mobile/build/mec_mobile_gazebo': CMAKE_PREFIX_PATH=${CMAKE_PREFIX_PATH}:/opt/ros/jazzy DEBUGINFOD_URLS=https://debuginfod.ubuntu.com /usr/bin/cmake --build /home/baopham/ros2_ws/src/mec_mobile/build/mec_mobile_gazebo -- -j16 -l16
[1.008s] Invoked command in '/home/baopham/ros2_ws/src/mec_mobile/build/mec_mobile_gazebo' returned '0': CMAKE_PREFIX_PATH=${CMAKE_PREFIX_PATH}:/opt/ros/jazzy DEBUGINFOD_URLS=https://debuginfod.ubuntu.com /usr/bin/cmake --build /home/baopham/ros2_ws/src/mec_mobile/build/mec_mobile_gazebo -- -j16 -l16
[1.009s] Invoking command in '/home/baopham/ros2_ws/src/mec_mobile/build/mec_mobile_gazebo': CMAKE_PREFIX_PATH=${CMAKE_PREFIX_PATH}:/opt/ros/jazzy DEBUGINFOD_URLS=https://debuginfod.ubuntu.com /usr/bin/cmake --install /home/baopham/ros2_ws/src/mec_mobile/build/mec_mobile_gazebo
[1.014s] -- Install configuration: ""
[1.014s] -- Installing: /home/baopham/ros2_ws/src/mec_mobile/install/mec_mobile_gazebo/share/mec_mobile_gazebo/launch
[1.014s] -- Installing: /home/baopham/ros2_ws/src/mec_mobile/install/mec_mobile_gazebo/share/mec_mobile_gazebo/launch/world.launch.py
[1.014s] -- Installing: /home/baopham/ros2_ws/src/mec_mobile/install/mec_mobile_gazebo/share/mec_mobile_gazebo/launch/spawn_robot.launch.py
[1.014s] -- Installing: /home/baopham/ros2_ws/src/mec_mobile/install/mec_mobile_gazebo/share/mec_mobile_gazebo/worlds
[1.014s] -- Installing: /home/baopham/ros2_ws/src/mec_mobile/install/mec_mobile_gazebo/share/mec_mobile_gazebo/worlds/world.sdf
[1.014s] -- Installing: /home/baopham/ros2_ws/src/mec_mobile/install/mec_mobile_gazebo/share/mec_mobile_gazebo/worlds/empty.sdf
[1.014s] -- Installing: /home/baopham/ros2_ws/src/mec_mobile/install/mec_mobile_gazebo/share/ament_index/resource_index/package_run_dependencies/mec_mobile_gazebo
[1.014s] -- Installing: /home/baopham/ros2_ws/src/mec_mobile/install/mec_mobile_gazebo/share/ament_index/resource_index/parent_prefix_path/mec_mobile_gazebo
[1.014s] -- Installing: /home/baopham/ros2_ws/src/mec_mobile/install/mec_mobile_gazebo/share/mec_mobile_gazebo/environment/ament_prefix_path.sh
[1.014s] -- Installing: /home/baopham/ros2_ws/src/mec_mobile/install/mec_mobile_gazebo/share/mec_mobile_gazebo/environment/ament_prefix_path.dsv
[1.015s] -- Installing: /home/baopham/ros2_ws/src/mec_mobile/install/mec_mobile_gazebo/share/mec_mobile_gazebo/environment/path.sh
[1.015s] -- Installing: /home/baopham/ros2_ws/src/mec_mobile/install/mec_mobile_gazebo/share/mec_mobile_gazebo/environment/path.dsv
[1.015s] -- Installing: /home/baopham/ros2_ws/src/mec_mobile/install/mec_mobile_gazebo/share/mec_mobile_gazebo/local_setup.bash
[1.015s] -- Installing: /home/baopham/ros2_ws/src/mec_mobile/install/mec_mobile_gazebo/share/mec_mobile_gazebo/local_setup.sh
[1.015s] -- Installing: /home/baopham/ros2_ws/src/mec_mobile/install/mec_mobile_gazebo/share/mec_mobile_gazebo/local_setup.zsh
[1.015s] -- Installing: /home/baopham/ros2_ws/src/mec_mobile/install/mec_mobile_gazebo/share/mec_mobile_gazebo/local_setup.dsv
[1.015s] -- Installing: /home/baopham/ros2_ws/src/mec_mobile/install/mec_mobile_gazebo/share/mec_mobile_gazebo/package.dsv
[1.015s] -- Installing: /home/baopham/ros2_ws/src/mec_mobile/install/mec_mobile_gazebo/share/ament_index/resource_index/packages/mec_mobile_gazebo
[1.015s] -- Installing: /home/baopham/ros2_ws/src/mec_mobile/install/mec_mobile_gazebo/share/mec_mobile_gazebo/cmake/mec_mobile_gazeboConfig.cmake
[1.015s] -- Installing: /home/baopham/ros2_ws/src/mec_mobile/install/mec_mobile_gazebo/share/mec_mobile_gazebo/cmake/mec_mobile_gazeboConfig-version.cmake
[1.015s] -- Installing: /home/baopham/ros2_ws/src/mec_mobile/install/mec_mobile_gazebo/share/mec_mobile_gazebo/package.xml
[1.016s] Invoked command in '/home/baopham/ros2_ws/src/mec_mobile/build/mec_mobile_gazebo' returned '0': CMAKE_PREFIX_PATH=${CMAKE_PREFIX_PATH}:/opt/ros/jazzy DEBUGINFOD_URLS=https://debuginfod.ubuntu.com /usr/bin/cmake --install /home/baopham/ros2_ws/src/mec_mobile/build/mec_mobile_gazebo
